"../../../Engine/Content/Functions/Engine_MaterialFunctions01/Shading/PowerToRoughness.uasset" 0
"../../../Engine/Content/Functions/Engine_MaterialFunctions01/Shading/PowerToRoughness.uexp" 1
"../../../Engine/Content/Functions/Engine_MaterialFunctions01/Shading/ConvertFromDiffSpec.uasset" 2
"../../../Engine/Content/Functions/Engine_MaterialFunctions01/Shading/ConvertFromDiffSpec.uexp" 3
"../../../Engine/Content/EngineSounds/Master.uasset" 4
"../../../Engine/Content/EngineSounds/Master.uexp" 5
"../../../Engine/Content/EngineSky/VolumetricClouds/CloudWeatherTexture.uasset" 6
"../../../Engine/Content/EngineSky/VolumetricClouds/CloudWeatherTexture.uexp" 7
"../../../Engine/Content/Functions/Engine_MaterialFunctions02/Utility/MakeFloat2.uasset" 8
"../../../Engine/Content/Functions/Engine_MaterialFunctions02/Utility/MakeFloat2.uexp" 9
"../../../Engine/Content/EngineSky/VolumetricClouds/CloudGradientTexture.uasset" 10
"../../../Engine/Content/EngineSky/VolumetricClouds/CloudGradientTexture.uexp" 11
"../../../Engine/Content/EngineSky/VolumetricClouds/T_NoiseShape64.ubulk" 12
"../../../Engine/Content/EngineSky/VolumetricClouds/T_NoiseShape64.uasset" 13
"../../../Engine/Content/EngineSky/VolumetricClouds/T_NoiseShape64.uexp" 14
"../../../Engine/Content/EngineSky/VolumetricClouds/T_VolumeNoiseShape64.uasset" 15
"../../../Engine/Content/EngineSky/VolumetricClouds/T_VolumeNoiseShape64.uexp" 16
"../../../Engine/Content/EngineSky/VolumetricClouds/T_NoiseErosion.ubulk" 17
"../../../Engine/Content/EngineSky/VolumetricClouds/T_NoiseErosion.uasset" 18
"../../../Engine/Content/EngineSky/VolumetricClouds/T_NoiseErosion.uexp" 19
"../../../Engine/Content/EngineSky/VolumetricClouds/T_VolumeNoiseErosion32.uasset" 20
"../../../Engine/Content/EngineSky/VolumetricClouds/T_VolumeNoiseErosion32.uexp" 21
"../../../Engine/Content/EngineSky/VolumetricClouds/m_SimpleVolumetricCloud.uasset" 22
"../../../Engine/Content/EngineSky/VolumetricClouds/m_SimpleVolumetricCloud.uexp" 23
"../../../Engine/Content/EngineSky/VolumetricClouds/m_SimpleVolumetricCloud_Inst.uasset" 24
"../../../Engine/Content/EngineSky/VolumetricClouds/m_SimpleVolumetricCloud_Inst.uexp" 25
"../../../Engine/Content/EngineResources/GradientTexture0.uasset" 26
"../../../Engine/Content/EngineResources/GradientTexture0.uexp" 27
"../../../Engine/Content/EngineResources/DefaultVolumeTexture2D.uasset" 28
"../../../Engine/Content/EngineResources/DefaultVolumeTexture2D.uexp" 29
"../../../Engine/Content/EngineResources/DefaultVolumeTexture.uasset" 30
"../../../Engine/Content/EngineResources/DefaultVolumeTexture.uexp" 31
"../../../Engine/Content/EngineResources/DefaultTextureCube.uasset" 32
"../../../Engine/Content/EngineResources/DefaultTextureCube.uexp" 33
"../../../Engine/Content/EngineResources/DefaultTexture.ubulk" 34
"../../../Engine/Content/EngineResources/DefaultTexture.uasset" 35
"../../../Engine/Content/EngineResources/DefaultTexture.uexp" 36
"../../../Engine/Content/EngineResources/FilmGrains/Marcie_Grain_v3_128_M2_000.uasset" 37
"../../../Engine/Content/EngineResources/FilmGrains/Marcie_Grain_v3_128_M2_000.uexp" 38
"../../../Engine/Content/EngineMeshes/Sphere.ubulk" 39
"../../../Engine/Content/EngineMeshes/Sphere.uasset" 40
"../../../Engine/Content/EngineMeshes/Sphere.uexp" 41
"../../../Engine/Content/EngineResources/WhiteSquareTexture.uasset" 42
"../../../Engine/Content/EngineResources/WhiteSquareTexture.uexp" 43
"../../../Engine/Content/EngineMaterials/Widget3DPassThrough.uasset" 44
"../../../Engine/Content/EngineMaterials/Widget3DPassThrough.uexp" 45
"../../../Engine/Content/EngineMaterials/Widget3DPassThrough_Translucent.uasset" 46
"../../../Engine/Content/EngineMaterials/Widget3DPassThrough_Translucent.uexp" 47
"../../../Engine/Content/EngineMaterials/Widget3DPassThrough_Translucent_OneSided.uasset" 48
"../../../Engine/Content/EngineMaterials/Widget3DPassThrough_Translucent_OneSided.uexp" 49
"../../../Engine/Content/EngineMaterials/Widget3DPassThrough_Opaque.uasset" 50
"../../../Engine/Content/EngineMaterials/Widget3DPassThrough_Opaque.uexp" 51
"../../../Engine/Content/EngineMaterials/Widget3DPassThrough_Opaque_OneSided.uasset" 52
"../../../Engine/Content/EngineMaterials/Widget3DPassThrough_Opaque_OneSided.uexp" 53
"../../../Engine/Content/EngineMaterials/Widget3DPassThrough_Masked_OneSided.uasset" 54
"../../../Engine/Content/EngineMaterials/Widget3DPassThrough_Masked_OneSided.uexp" 55
"../../../Engine/Content/EngineMaterials/Widget3DPassThrough_Masked.uasset" 56
"../../../Engine/Content/EngineMaterials/Widget3DPassThrough_Masked.uexp" 57
"../../../Engine/Content/EngineMaterials/WeightMapPlaceholderTexture.uasset" 58
"../../../Engine/Content/EngineMaterials/WeightMapPlaceholderTexture.uexp" 59
"../../../Engine/Content/EngineMaterials/RemoveSurfaceMaterial.uasset" 60
"../../../Engine/Content/EngineMaterials/RemoveSurfaceMaterial.uexp" 61
"../../../Engine/Content/EngineMaterials/PreintegratedSkinBRDF.uasset" 62
"../../../Engine/Content/EngineMaterials/PreintegratedSkinBRDF.uexp" 63
"../../../Engine/Content/EngineMaterials/DefaultCalibrationGrayscale.uasset" 64
"../../../Engine/Content/EngineMaterials/DefaultCalibrationGrayscale.uexp" 65
"../../../Engine/Content/EngineMaterials/PPM_DefaultCalibrationGrayscale.uasset" 66
"../../../Engine/Content/EngineMaterials/PPM_DefaultCalibrationGrayscale.uexp" 67
"../../../Engine/Content/EngineMaterials/DefaultCalibrationColor.uasset" 68
"../../../Engine/Content/EngineMaterials/DefaultCalibrationColor.uexp" 69
"../../../Engine/Content/EngineMaterials/PPM_DefaultCalibrationColor.uasset" 70
"../../../Engine/Content/EngineMaterials/PPM_DefaultCalibrationColor.uexp" 71
"../../../Engine/Content/Functions/Engine_MaterialFunctions02/WorldPositionOffset/CameraOffset.uasset" 72
"../../../Engine/Content/Functions/Engine_MaterialFunctions02/WorldPositionOffset/CameraOffset.uexp" 73
"../../../Engine/Content/EngineMaterials/PhAT_JointLimitMaterial.uasset" 74
"../../../Engine/Content/EngineMaterials/PhAT_JointLimitMaterial.uexp" 75
"../../../Engine/Content/EngineMaterials/InvalidLightmapSettings.ubulk" 76
"../../../Engine/Content/EngineMaterials/InvalidLightmapSettings.uasset" 77
"../../../Engine/Content/EngineMaterials/InvalidLightmapSettings.uexp" 78
"../../../Engine/Content/EngineMaterials/M_InvalidLightmapSettings.uasset" 79
"../../../Engine/Content/EngineMaterials/M_InvalidLightmapSettings.uexp" 80
"../../../Engine/Content/EngineMaterials/MiniFont.uasset" 81
"../../../Engine/Content/EngineMaterials/MiniFont.uexp" 82
"../../../Engine/Content/EngineMaterials/Good64x64TilingNoiseHighFreq.uasset" 83
"../../../Engine/Content/EngineMaterials/Good64x64TilingNoiseHighFreq.uexp" 84
"../../../Engine/Content/EngineMaterials/GizmoMaterial.uasset" 85
"../../../Engine/Content/EngineMaterials/GizmoMaterial.uexp" 86
"../../../Engine/Content/EngineMaterials/BaseFlattenEmissiveMap_VT.uasset" 87
"../../../Engine/Content/EngineMaterials/BaseFlattenEmissiveMap_VT.uexp" 88
"../../../Engine/Content/EngineMaterials/BaseFlattenGrayscaleMap_VT.uasset" 89
"../../../Engine/Content/EngineMaterials/BaseFlattenGrayscaleMap_VT.uexp" 90
"../../../Engine/Content/EngineMaterials/BaseFlattenLinearColor_VT.uasset" 91
"../../../Engine/Content/EngineMaterials/BaseFlattenLinearColor_VT.uexp" 92
"../../../Engine/Content/EngineMaterials/Black_1x1_EXR_Texture_VT.uasset" 93
"../../../Engine/Content/EngineMaterials/Black_1x1_EXR_Texture_VT.uexp" 94
"../../../Engine/Content/EngineMaterials/BaseFlattenDiffuseMap_VT.uasset" 95
"../../../Engine/Content/EngineMaterials/BaseFlattenDiffuseMap_VT.uexp" 96
"../../../Engine/Content/EngineMaterials/BaseFlattenNormalMap_VT.uasset" 97
"../../../Engine/Content/EngineMaterials/BaseFlattenNormalMap_VT.uexp" 98
"../../../Engine/Content/EngineMaterials/FlattenMaterial_WS_Normal_VT.uasset" 99
"../../../Engine/Content/EngineMaterials/FlattenMaterial_WS_Normal_VT.uexp" 100
"../../../Engine/Content/EngineMaterials/FlattenMaterial_VT.uasset" 101
"../../../Engine/Content/EngineMaterials/FlattenMaterial_VT.uexp" 102
"../../../Engine/Content/EngineMaterials/BaseFlattenNormalMap.uasset" 103
"../../../Engine/Content/EngineMaterials/BaseFlattenNormalMap.uexp" 104
"../../../Engine/Content/EngineMaterials/BaseFlattenGrayscaleMap.uasset" 105
"../../../Engine/Content/EngineMaterials/BaseFlattenGrayscaleMap.uexp" 106
"../../../Engine/Content/EngineMaterials/BaseFlattenDiffuseMap.uasset" 107
"../../../Engine/Content/EngineMaterials/BaseFlattenDiffuseMap.uexp" 108
"../../../Engine/Content/Functions/Engine_MaterialFunctions02/PivotPainter2/Black_1x1_EXR_Texture.uasset" 109
"../../../Engine/Content/Functions/Engine_MaterialFunctions02/PivotPainter2/Black_1x1_EXR_Texture.uexp" 110
"../../../Engine/Content/EngineMaterials/BaseFlattenEmissiveMap.uasset" 111
"../../../Engine/Content/EngineMaterials/BaseFlattenEmissiveMap.uexp" 112
"../../../Engine/Content/EngineMaterials/BaseFlattenLinearColor.uasset" 113
"../../../Engine/Content/EngineMaterials/BaseFlattenLinearColor.uexp" 114
"../../../Engine/Content/EngineMaterials/FlattenMaterial.uasset" 115
"../../../Engine/Content/EngineMaterials/FlattenMaterial.uexp" 116
"../../../Engine/Content/EngineMaterials/DefaultWhiteGrid_Low.uasset" 117
"../../../Engine/Content/EngineMaterials/DefaultWhiteGrid_Low.uexp" 118
"../../../Engine/Content/EngineMaterials/EmissiveMeshMaterial.uasset" 119
"../../../Engine/Content/EngineMaterials/EmissiveMeshMaterial.uexp" 120
"../../../Engine/Content/EngineMaterials/DefaultWhiteGrid.ubulk" 121
"../../../Engine/Content/EngineMaterials/DefaultWhiteGrid.uasset" 122
"../../../Engine/Content/EngineMaterials/DefaultWhiteGrid.uexp" 123
"../../../Engine/Content/EngineFonts/RobotoDistanceField.uasset" 124
"../../../Engine/Content/EngineFonts/RobotoDistanceField.uexp" 125
"../../../Engine/Content/EngineMaterials/DefaultTextMaterialOpaque.uasset" 126
"../../../Engine/Content/EngineMaterials/DefaultTextMaterialOpaque.uexp" 127
"../../../Engine/Content/EngineMaterials/DefaultDiffuse.ubulk" 128
"../../../Engine/Content/EngineMaterials/DefaultDiffuse.uasset" 129
"../../../Engine/Content/EngineMaterials/DefaultDiffuse.uexp" 130
"../../../Engine/Content/Functions/Engine_MaterialFunctions02/Utility/BreakOutFloat2Components.uasset" 131
"../../../Engine/Content/Functions/Engine_MaterialFunctions02/Utility/BreakOutFloat2Components.uexp" 132
"../../../Engine/Content/EngineMaterials/DefaultPostProcessMaterial.uasset" 133
"../../../Engine/Content/EngineMaterials/DefaultPostProcessMaterial.uexp" 134
"../../../Engine/Content/EngineMaterials/DefaultPhysicalMaterial.uasset" 135
"../../../Engine/Content/EngineMaterials/DefaultPhysicalMaterial.uexp" 136
"../../../Engine/Content/EngineMaterials/DefaultLightFunctionMaterial.uasset" 137
"../../../Engine/Content/EngineMaterials/DefaultLightFunctionMaterial.uexp" 138
"../../../Engine/Content/EngineMaterials/DefaultDestructiblePhysicalMaterial.uasset" 139
"../../../Engine/Content/EngineMaterials/DefaultDestructiblePhysicalMaterial.uexp" 140
"../../../Engine/Content/EngineMaterials/DefaultDeferredDecalMaterial.uasset" 141
"../../../Engine/Content/EngineMaterials/DefaultDeferredDecalMaterial.uexp" 142
"../../../Engine/Content/EngineMaterials/DefaultBokeh.uasset" 143
"../../../Engine/Content/EngineMaterials/DefaultBokeh.uexp" 144
"../../../Engine/Content/EngineMaterials/DefaultBloomKernel.uasset" 145
"../../../Engine/Content/EngineMaterials/DefaultBloomKernel.uexp" 146
"../../../Engine/Content/EngineMaterials/BlueNoise.uasset" 147
"../../../Engine/Content/EngineMaterials/BlueNoise.uexp" 148
"../../../Engine/Content/EngineFonts/Faces/RobotoLight.uexp" 149
"../../../Engine/Content/EngineFonts/Faces/RobotoLight.uasset" 150
"../../../Engine/Content/EngineFonts/Faces/RobotoLight.ufont" 151
"../../../Engine/Content/EngineFonts/Faces/RobotoBold.uexp" 152
"../../../Engine/Content/EngineFonts/Faces/RobotoBold.uasset" 153
"../../../Engine/Content/EngineFonts/Faces/RobotoBold.ufont" 154
"../../../Engine/Content/EngineFonts/Faces/RobotoRegular.uexp" 155
"../../../Engine/Content/EngineFonts/Faces/RobotoRegular.uasset" 156
"../../../Engine/Content/EngineFonts/Faces/RobotoRegular.ufont" 157
"../../../Engine/Content/EngineFonts/Faces/DroidSansFallback.uexp" 158
"../../../Engine/Content/EngineFonts/Faces/DroidSansFallback.uasset" 159
"../../../Engine/Content/EngineFonts/Faces/DroidSansFallback.ufont" 160
"../../../Engine/Content/EngineFonts/Faces/RobotoItalic.uexp" 161
"../../../Engine/Content/EngineFonts/Faces/RobotoItalic.uasset" 162
"../../../Engine/Content/EngineFonts/Faces/RobotoItalic.ufont" 163
"../../../Engine/Content/EngineFonts/Faces/RobotoBoldItalic.uexp" 164
"../../../Engine/Content/EngineFonts/Faces/RobotoBoldItalic.uasset" 165
"../../../Engine/Content/EngineFonts/Faces/RobotoBoldItalic.ufont" 166
"../../../Engine/Content/EngineFonts/Roboto.uasset" 167
"../../../Engine/Content/EngineFonts/Roboto.uexp" 168
"../../../Engine/Content/Functions/Engine_MaterialFunctions02/Utility/CameraDirectionVector.uasset" 169
"../../../Engine/Content/Functions/Engine_MaterialFunctions02/Utility/CameraDirectionVector.uexp" 170
"../../../Engine/Content/EngineDebugMaterials/VolumeToRender.uasset" 171
"../../../Engine/Content/EngineDebugMaterials/VolumeToRender.uexp" 172
"../../../Engine/Content/EngineDebugMaterials/M_VolumeRenderSphereTracePP.uasset" 173
"../../../Engine/Content/EngineDebugMaterials/M_VolumeRenderSphereTracePP.uexp" 174
"../../../Engine/Content/EngineDebugMaterials/M_SimpleUnlitTranslucent.uasset" 175
"../../../Engine/Content/EngineDebugMaterials/M_SimpleUnlitTranslucent.uexp" 176
"../../../Engine/Content/EngineDebugMaterials/DebugMeshMaterial.uasset" 177
"../../../Engine/Content/EngineDebugMaterials/DebugMeshMaterial.uexp" 178
"../../../Engine/Content/EngineDebugMaterials/DebugEditorMaterial.uasset" 179
"../../../Engine/Content/EngineDebugMaterials/DebugEditorMaterial.uexp" 180
"../../../Engine/Content/EngineDamageTypes/DmgTypeBP_Environmental.uasset" 181
"../../../Engine/Content/EngineDamageTypes/DmgTypeBP_Environmental.uexp" 182
"../../../Engine/Content/EditorResources/S_TriggerSphere.uasset" 183
"../../../Engine/Content/EditorResources/S_TriggerSphere.uexp" 184
"../../../Engine/Content/EditorResources/S_TriggerCapsule.uasset" 185
"../../../Engine/Content/EditorResources/S_TriggerCapsule.uexp" 186
"../../../Engine/Content/EditorResources/S_TriggerBox.uasset" 187
"../../../Engine/Content/EditorResources/S_TriggerBox.uexp" 188
"../../../Engine/Content/EditorResources/S_Trigger.ubulk" 189
"../../../Engine/Content/EditorResources/S_Trigger.uasset" 190
"../../../Engine/Content/EditorResources/S_Trigger.uexp" 191
"../../../Engine/Content/EditorResources/S_Terrain.ubulk" 192
"../../../Engine/Content/EditorResources/S_Terrain.uasset" 193
"../../../Engine/Content/EditorResources/S_Terrain.uexp" 194
"../../../Engine/Content/EditorResources/S_Solver.ubulk" 195
"../../../Engine/Content/EditorResources/S_Solver.uasset" 196
"../../../Engine/Content/EditorResources/S_Solver.uexp" 197
"../../../Engine/Content/EditorResources/S_BoxReflectionCapture.uasset" 198
"../../../Engine/Content/EditorResources/S_BoxReflectionCapture.uexp" 199
"../../../Engine/Content/EditorResources/S_Actor.ubulk" 200
"../../../Engine/Content/EditorResources/S_Actor.uasset" 201
"../../../Engine/Content/EditorResources/S_Actor.uexp" 202
"../../../Engine/Content/EditorResources/EmptyActor.uasset" 203
"../../../Engine/Content/EditorResources/EmptyActor.uexp" 204
"../../../Engine/Content/EditorResources/BSPVertex.uasset" 205
"../../../Engine/Content/EditorResources/BSPVertex.uexp" 206
"../../../Engine/Content/EditorResources/SequenceRecorder/RecordingIndicator.uasset" 207
"../../../Engine/Content/EditorResources/SequenceRecorder/RecordingIndicator.uexp" 208
"../../../Engine/Content/EditorResources/SequenceRecorder/Countdown.uasset" 209
"../../../Engine/Content/EditorResources/SequenceRecorder/Countdown.uexp" 210
"../../../Engine/Content/EditorResources/LightIcons/S_LightError.uasset" 211
"../../../Engine/Content/EditorResources/LightIcons/S_LightError.uexp" 212
"../../../Engine/Content/EditorResources/AudioIcons/S_AudioComponent_AutoActivate.uasset" 213
"../../../Engine/Content/EditorResources/AudioIcons/S_AudioComponent_AutoActivate.uexp" 214
"../../../Engine/Content/EditorMaterials/Camera/CineMat.uasset" 215
"../../../Engine/Content/EditorMaterials/Camera/CineMat.uexp" 216
"../../../Engine/Content/EditorMaterials/Camera/MI_CineMat_Rig.uasset" 217
"../../../Engine/Content/EditorMaterials/Camera/MI_CineMat_Rig.uexp" 218
"../../../Engine/Content/EditorMeshes/Camera/SM_RailRig_Track.ubulk" 219
"../../../Engine/Content/EditorMeshes/Camera/SM_RailRig_Track.uasset" 220
"../../../Engine/Content/EditorMeshes/Camera/SM_RailRig_Track.uexp" 221
"../../../Engine/Content/EditorMeshes/Camera/SM_RailRig_Mount.ubulk" 222
"../../../Engine/Content/EditorMeshes/Camera/SM_RailRig_Mount.uasset" 223
"../../../Engine/Content/EditorMeshes/Camera/SM_RailRig_Mount.uexp" 224
"../../../Engine/Content/EditorMeshes/Camera/SM_CraneRig_Mount.ubulk" 225
"../../../Engine/Content/EditorMeshes/Camera/SM_CraneRig_Mount.uasset" 226
"../../../Engine/Content/EditorMeshes/Camera/SM_CraneRig_Mount.uexp" 227
"../../../Engine/Content/EditorMeshes/Camera/SM_CraneRig_Body.ubulk" 228
"../../../Engine/Content/EditorMeshes/Camera/SM_CraneRig_Body.uasset" 229
"../../../Engine/Content/EditorMeshes/Camera/SM_CraneRig_Body.uexp" 230
"../../../Engine/Content/EditorMeshes/Camera/SM_CraneRig_Base.ubulk" 231
"../../../Engine/Content/EditorMeshes/Camera/SM_CraneRig_Base.uasset" 232
"../../../Engine/Content/EditorMeshes/Camera/SM_CraneRig_Base.uexp" 233
"../../../Engine/Content/EditorMeshes/Camera/SM_CraneRig_Arm.ubulk" 234
"../../../Engine/Content/EditorMeshes/Camera/SM_CraneRig_Arm.uasset" 235
"../../../Engine/Content/EditorMeshes/Camera/SM_CraneRig_Arm.uexp" 236
"../../../Engine/Content/EditorMaterials/PreviewShadowIndicator.ubulk" 237
"../../../Engine/Content/EditorMaterials/PreviewShadowIndicator.uasset" 238
"../../../Engine/Content/EditorMaterials/PreviewShadowIndicator.uexp" 239
"../../../Engine/Content/EditorMaterials/PreviewShadowIndicatorMaterial.uasset" 240
"../../../Engine/Content/EditorMaterials/PreviewShadowIndicatorMaterial.uexp" 241
"../../../Engine/Content/EditorMaterials/MAT_Groups_Visibility.uasset" 242
"../../../Engine/Content/EditorMaterials/MAT_Groups_Visibility.uexp" 243
"../../../Engine/Content/EditorMaterials/MAT_Groups_Toggle.uasset" 244
"../../../Engine/Content/EditorMaterials/MAT_Groups_Toggle.uexp" 245
"../../../Engine/Content/Functions/Engine_MaterialFunctions02/Utility/MakeFloat4.uasset" 246
"../../../Engine/Content/Functions/Engine_MaterialFunctions02/Utility/MakeFloat4.uexp" 247
"../../../Engine/Content/Functions/Engine_MaterialFunctions02/Utility/MakeFloat3.uasset" 248
"../../../Engine/Content/Functions/Engine_MaterialFunctions02/Utility/MakeFloat3.uexp" 249
"../../../Engine/Content/Functions/Engine_MaterialFunctions02/Utility/BreakOutFloat3Components.uasset" 250
"../../../Engine/Content/Functions/Engine_MaterialFunctions02/Utility/BreakOutFloat3Components.uexp" 251
"../../../Engine/Content/EditorMaterials/WorldPartition/WorldPartitionSpatialHashGridPreviewMaterial.uasset" 252
"../../../Engine/Content/EditorMaterials/WorldPartition/WorldPartitionSpatialHashGridPreviewMaterial.uexp" 253
"../../../Engine/Content/EditorMaterials/ParticleSystems/PSysThumbnail_OOD.ubulk" 254
"../../../Engine/Content/EditorMaterials/ParticleSystems/PSysThumbnail_OOD.uasset" 255
"../../../Engine/Content/EditorMaterials/ParticleSystems/PSysThumbnail_OOD.uexp" 256
"../../../Engine/Content/EditorMaterials/ParticleSystems/PSysThumbnail_NoImage.ubulk" 257
"../../../Engine/Content/EditorMaterials/ParticleSystems/PSysThumbnail_NoImage.uasset" 258
"../../../Engine/Content/EditorMaterials/ParticleSystems/PSysThumbnail_NoImage.uexp" 259
"../../../Engine/Content/EditorMaterials/MatineeGroups/MAT_Groups_Vector.uasset" 260
"../../../Engine/Content/EditorMaterials/MatineeGroups/MAT_Groups_Vector.uexp" 261
"../../../Engine/Content/EditorMaterials/MatineeGroups/MAT_Groups_Sound.uasset" 262
"../../../Engine/Content/EditorMaterials/MatineeGroups/MAT_Groups_Sound.uexp" 263
"../../../Engine/Content/EditorMaterials/MatineeGroups/MAT_Groups_Slomo.uasset" 264
"../../../Engine/Content/EditorMaterials/MatineeGroups/MAT_Groups_Slomo.uexp" 265
"../../../Engine/Content/EditorMaterials/MatineeGroups/MAT_Groups_Move.uasset" 266
"../../../Engine/Content/EditorMaterials/MatineeGroups/MAT_Groups_Move.uexp" 267
"../../../Engine/Content/EditorMaterials/MatineeGroups/MAT_Groups_Float.uasset" 268
"../../../Engine/Content/EditorMaterials/MatineeGroups/MAT_Groups_Float.uexp" 269
"../../../Engine/Content/EditorMaterials/MatineeGroups/MAT_Groups_Fade.uasset" 270
"../../../Engine/Content/EditorMaterials/MatineeGroups/MAT_Groups_Fade.uexp" 271
"../../../Engine/Content/EditorMaterials/MatineeGroups/MAT_Groups_Event.uasset" 272
"../../../Engine/Content/EditorMaterials/MatineeGroups/MAT_Groups_Event.uexp" 273
"../../../Engine/Content/EditorMaterials/MatineeGroups/MAT_Groups_Director.uasset" 274
"../../../Engine/Content/EditorMaterials/MatineeGroups/MAT_Groups_Director.uexp" 275
"../../../Engine/Content/EditorMaterials/MatineeGroups/MAT_Groups_AudioMaster.uasset" 276
"../../../Engine/Content/EditorMaterials/MatineeGroups/MAT_Groups_AudioMaster.uexp" 277
"../../../Engine/Content/EditorMaterials/MatineeGroups/MAT_Groups_Anim.uasset" 278
"../../../Engine/Content/EditorMaterials/MatineeGroups/MAT_Groups_Anim.uexp" 279
"../../../Engine/Content/EditorMaterials/MatineeGroups/MAT_ColorTrack.uasset" 280
"../../../Engine/Content/EditorMaterials/MatineeGroups/MAT_ColorTrack.uexp" 281
"../../../Engine/Content/EditorLandscapeResources/DefaultAlphaTexture.uasset" 282
"../../../Engine/Content/EditorLandscapeResources/DefaultAlphaTexture.uexp" 283
"../../../Engine/Content/EditorLandscapeResources/DataLayer.uasset" 284
"../../../Engine/Content/EditorLandscapeResources/DataLayer.uexp" 285
"../../../Engine/Content/EngineMaterials/T_Default_Material_Grid_M.ubulk" 286
"../../../Engine/Content/EngineMaterials/T_Default_Material_Grid_M.uasset" 287
"../../../Engine/Content/EngineMaterials/T_Default_Material_Grid_M.uexp" 288
"../../../Engine/Content/EngineMaterials/T_Default_Material_Grid_N.ubulk" 289
"../../../Engine/Content/EngineMaterials/T_Default_Material_Grid_N.uasset" 290
"../../../Engine/Content/EngineMaterials/T_Default_Material_Grid_N.uexp" 291
"../../../Engine/Content/Functions/Engine_MaterialFunctions01/Opacity/CameraDepthFade.uasset" 292
"../../../Engine/Content/Functions/Engine_MaterialFunctions01/Opacity/CameraDepthFade.uexp" 293
"../../../Engine/Content/EngineMaterials/DefaultMaterial.uasset" 294
"../../../Engine/Content/EngineMaterials/DefaultMaterial.uexp" 295
"../../../Engine/Content/BasicShapes/Sphere.ubulk" 296
"../../../Engine/Content/BasicShapes/Sphere.uasset" 297
"../../../Engine/Content/BasicShapes/Sphere.uexp" 298
"../../../Engine/Content/EngineMaterials/WorldGridMaterial.uasset" 299
"../../../Engine/Content/EngineMaterials/WorldGridMaterial.uexp" 300
"../../../Engine/Content/BasicShapes/Plane.ubulk" 301
"../../../Engine/Content/BasicShapes/Plane.uasset" 302
"../../../Engine/Content/BasicShapes/Plane.uexp" 303
"../../../Engine/Content/BasicShapes/Cylinder.ubulk" 304
"../../../Engine/Content/BasicShapes/Cylinder.uasset" 305
"../../../Engine/Content/BasicShapes/Cylinder.uexp" 306
"../../../Engine/Content/BasicShapes/Cube.ubulk" 307
"../../../Engine/Content/BasicShapes/Cube.uasset" 308
"../../../Engine/Content/BasicShapes/Cube.uexp" 309
"../../../Engine/Content/BasicShapes/Cone.ubulk" 310
"../../../Engine/Content/BasicShapes/Cone.uasset" 311
"../../../Engine/Content/BasicShapes/Cone.uexp" 312
"../../../Engine/Content/ArtTools/RenderToTexture/Meshes/S_1_Unit_Plane.ubulk" 313
"../../../Engine/Content/ArtTools/RenderToTexture/Meshes/S_1_Unit_Plane.uasset" 314
"../../../Engine/Content/ArtTools/RenderToTexture/Meshes/S_1_Unit_Plane.uexp" 315
"C:/Users/sammc/Downloads/EyreD_McKayS-Lives-and-Widgets/Content/StarterContent/Audio/Starter_Wind06.ubulk" 316
"C:/Users/sammc/Downloads/EyreD_McKayS-Lives-and-Widgets/Content/StarterContent/Audio/Starter_Wind06.uasset" 317
"C:/Users/sammc/Downloads/EyreD_McKayS-Lives-and-Widgets/Content/StarterContent/Audio/Starter_Wind06.uexp" 318
"C:/Users/sammc/Downloads/EyreD_McKayS-Lives-and-Widgets/Content/StarterContent/Audio/Starter_Wind05.ubulk" 319
"C:/Users/sammc/Downloads/EyreD_McKayS-Lives-and-Widgets/Content/StarterContent/Audio/Starter_Wind05.uasset" 320
"C:/Users/sammc/Downloads/EyreD_McKayS-Lives-and-Widgets/Content/StarterContent/Audio/Starter_Wind05.uexp" 321
"C:/Users/sammc/Downloads/EyreD_McKayS-Lives-and-Widgets/Content/StarterContent/Audio/Starter_Birds01.ubulk" 322
"C:/Users/sammc/Downloads/EyreD_McKayS-Lives-and-Widgets/Content/StarterContent/Audio/Starter_Birds01.uasset" 323
"C:/Users/sammc/Downloads/EyreD_McKayS-Lives-and-Widgets/Content/StarterContent/Audio/Starter_Birds01.uexp" 324
"C:/Users/sammc/Downloads/EyreD_McKayS-Lives-and-Widgets/Content/StarterContent/Audio/Explosion02.ubulk" 325
"C:/Users/sammc/Downloads/EyreD_McKayS-Lives-and-Widgets/Content/StarterContent/Audio/Explosion02.uasset" 326
"C:/Users/sammc/Downloads/EyreD_McKayS-Lives-and-Widgets/Content/StarterContent/Audio/Explosion02.uexp" 327
"C:/Users/sammc/Downloads/EyreD_McKayS-Lives-and-Widgets/Content/StarterContent/Audio/Explosion01.ubulk" 328
"C:/Users/sammc/Downloads/EyreD_McKayS-Lives-and-Widgets/Content/StarterContent/Audio/Explosion01.uasset" 329
"C:/Users/sammc/Downloads/EyreD_McKayS-Lives-and-Widgets/Content/StarterContent/Audio/Explosion01.uexp" 330
"../../../Engine/Content/MobileResources/HUD/VirtualJoystick_Background.uasset" 331
"../../../Engine/Content/MobileResources/HUD/VirtualJoystick_Background.uexp" 332
"../../../Engine/Content/MobileResources/HUD/VirtualJoystick_Thumb.uasset" 333
"../../../Engine/Content/MobileResources/HUD/VirtualJoystick_Thumb.uexp" 334
"../../../Engine/Content/MobileResources/HUD/DefaultVirtualJoysticks.uasset" 335
"../../../Engine/Content/MobileResources/HUD/DefaultVirtualJoysticks.uexp" 336
"../../../Engine/Content/Tutorial/ContentIntroCurve.uasset" 337
"../../../Engine/Content/Tutorial/ContentIntroCurve.uexp" 338
"../../../Engine/Content/VREditor/TransformGizmo/Main.uasset" 339
"../../../Engine/Content/VREditor/TransformGizmo/Main.uexp" 340
"../../../Engine/Content/VREditor/TransformGizmo/Xray.uasset" 341
"../../../Engine/Content/VREditor/TransformGizmo/Xray.uexp" 342
"../../../Engine/Content/VREditor/TransformGizmo/SM_Sequencer_Node.ubulk" 343
"../../../Engine/Content/VREditor/TransformGizmo/SM_Sequencer_Node.uasset" 344
"../../../Engine/Content/VREditor/TransformGizmo/SM_Sequencer_Node.uexp" 345
"../../../Engine/Content/VREditor/LaserPointer/VR_LaserPower_01.ubulk" 346
"../../../Engine/Content/VREditor/LaserPointer/VR_LaserPower_01.uasset" 347
"../../../Engine/Content/VREditor/LaserPointer/VR_LaserPower_01.uexp" 348
"../../../Engine/Content/VREditor/TransformGizmo/TransformGizmoMaterial.uasset" 349
"../../../Engine/Content/VREditor/TransformGizmo/TransformGizmoMaterial.uexp" 350
"../../../Engine/Content/VREditor/TransformGizmo/TranslucentTransformGizmoMaterial.uasset" 351
"../../../Engine/Content/VREditor/TransformGizmo/TranslucentTransformGizmoMaterial.uexp" 352
"../../../Engine/Content/VREditor/TransformGizmo/PlaneTranslationHandle.ubulk" 353
"../../../Engine/Content/VREditor/TransformGizmo/PlaneTranslationHandle.uasset" 354
"../../../Engine/Content/VREditor/TransformGizmo/PlaneTranslationHandle.uexp" 355
"../../../Engine/Content/VREditor/TransformGizmo/BoundingBoxEdge.ubulk" 356
"../../../Engine/Content/VREditor/TransformGizmo/BoundingBoxEdge.uasset" 357
"../../../Engine/Content/VREditor/TransformGizmo/BoundingBoxEdge.uexp" 358
"../../../Engine/Content/VREditor/TransformGizmo/BoundingBoxCorner.ubulk" 359
"../../../Engine/Content/VREditor/TransformGizmo/BoundingBoxCorner.uasset" 360
"../../../Engine/Content/VREditor/TransformGizmo/BoundingBoxCorner.uexp" 361
"../../../Engine/Plugins/2D/Paper2D/Content/PlaceholderTextures/DummySpriteTexture.ubulk" 362
"../../../Engine/Plugins/2D/Paper2D/Content/PlaceholderTextures/DummySpriteTexture.uasset" 363
"../../../Engine/Plugins/2D/Paper2D/Content/PlaceholderTextures/DummySpriteTexture.uexp" 364
"../../../Engine/Plugins/2D/Paper2D/Content/DefaultSpriteMaterial.uasset" 365
"../../../Engine/Plugins/2D/Paper2D/Content/DefaultSpriteMaterial.uexp" 366
"../../../Engine/Plugins/2D/Paper2D/Content/OpaqueUnlitSpriteMaterial.uasset" 367
"../../../Engine/Plugins/2D/Paper2D/Content/OpaqueUnlitSpriteMaterial.uexp" 368
"../../../Engine/Plugins/2D/Paper2D/Content/MaskedUnlitSpriteMaterial.uasset" 369
"../../../Engine/Plugins/2D/Paper2D/Content/MaskedUnlitSpriteMaterial.uexp" 370
"../../../Engine/Plugins/2D/Paper2D/Content/DummySprite.uasset" 371
"../../../Engine/Plugins/2D/Paper2D/Content/DummySprite.uexp" 372
"../../../Engine/Plugins/2D/Paper2D/Content/DefaultPaperTerrainMaterial.uasset" 373
"../../../Engine/Plugins/2D/Paper2D/Content/DefaultPaperTerrainMaterial.uexp" 374
"../../../Engine/Plugins/Animation/ControlRig/Content/M_Manip.uasset" 375
"../../../Engine/Plugins/Animation/ControlRig/Content/M_Manip.uexp" 376
"../../../Engine/Plugins/Animation/ControlRig/Content/Controls/DefaultGizmoLibraryNormalized.uasset" 377
"../../../Engine/Plugins/Animation/ControlRig/Content/Controls/DefaultGizmoLibraryNormalized.uexp" 378
"../../../Engine/Plugins/Animation/ControlRig/Content/Controls/ControlRig_Wedge_solid.ubulk" 379
"../../../Engine/Plugins/Animation/ControlRig/Content/Controls/ControlRig_Wedge_solid.uasset" 380
"../../../Engine/Plugins/Animation/ControlRig/Content/Controls/ControlRig_Wedge_solid.uexp" 381
"../../../Engine/Plugins/Animation/ControlRig/Content/Controls/ControlRig_Wedge_3mm.ubulk" 382
"../../../Engine/Plugins/Animation/ControlRig/Content/Controls/ControlRig_Wedge_3mm.uasset" 383
"../../../Engine/Plugins/Animation/ControlRig/Content/Controls/ControlRig_Wedge_3mm.uexp" 384
"../../../Engine/Plugins/Animation/ControlRig/Content/Controls/ControlRig_Wedge_1mm.ubulk" 385
"../../../Engine/Plugins/Animation/ControlRig/Content/Controls/ControlRig_Wedge_1mm.uasset" 386
"../../../Engine/Plugins/Animation/ControlRig/Content/Controls/ControlRig_Wedge_1mm.uexp" 387
"../../../Engine/Plugins/Animation/ControlRig/Content/Controls/ControlRig_Triangle_solid.ubulk" 388
"../../../Engine/Plugins/Animation/ControlRig/Content/Controls/ControlRig_Triangle_solid.uasset" 389
"../../../Engine/Plugins/Animation/ControlRig/Content/Controls/ControlRig_Triangle_solid.uexp" 390
"../../../Engine/Plugins/Animation/ControlRig/Content/Controls/ControlRig_Triangle_3mm.ubulk" 391
"../../../Engine/Plugins/Animation/ControlRig/Content/Controls/ControlRig_Triangle_3mm.uasset" 392
"../../../Engine/Plugins/Animation/ControlRig/Content/Controls/ControlRig_Triangle_3mm.uexp" 393
"../../../Engine/Plugins/Animation/ControlRig/Content/Controls/ControlRig_Triangle_1mm.ubulk" 394
"../../../Engine/Plugins/Animation/ControlRig/Content/Controls/ControlRig_Triangle_1mm.uasset" 395
"../../../Engine/Plugins/Animation/ControlRig/Content/Controls/ControlRig_Triangle_1mm.uexp" 396
"../../../Engine/Plugins/Animation/ControlRig/Content/Controls/ControlRig_Star4_solid.ubulk" 397
"../../../Engine/Plugins/Animation/ControlRig/Content/Controls/ControlRig_Star4_solid.uasset" 398
"../../../Engine/Plugins/Animation/ControlRig/Content/Controls/ControlRig_Star4_solid.uexp" 399
"../../../Engine/Plugins/Animation/ControlRig/Content/Controls/ControlRig_Star4_3mm.ubulk" 400
"../../../Engine/Plugins/Animation/ControlRig/Content/Controls/ControlRig_Star4_3mm.uasset" 401
"../../../Engine/Plugins/Animation/ControlRig/Content/Controls/ControlRig_Star4_3mm.uexp" 402
"../../../Engine/Plugins/Animation/ControlRig/Content/Controls/ControlRig_Star4_1mm.ubulk" 403
"../../../Engine/Plugins/Animation/ControlRig/Content/Controls/ControlRig_Star4_1mm.uasset" 404
"../../../Engine/Plugins/Animation/ControlRig/Content/Controls/ControlRig_Star4_1mm.uexp" 405
"../../../Engine/Plugins/Animation/ControlRig/Content/Controls/ControlRig_Square_solid.ubulk" 406
"../../../Engine/Plugins/Animation/ControlRig/Content/Controls/ControlRig_Square_solid.uasset" 407
"../../../Engine/Plugins/Animation/ControlRig/Content/Controls/ControlRig_Square_solid.uexp" 408
"../../../Engine/Plugins/Animation/ControlRig/Content/Controls/ControlRig_Square_3mm.ubulk" 409
"../../../Engine/Plugins/Animation/ControlRig/Content/Controls/ControlRig_Square_3mm.uasset" 410
"../../../Engine/Plugins/Animation/ControlRig/Content/Controls/ControlRig_Square_3mm.uexp" 411
"../../../Engine/Plugins/Animation/ControlRig/Content/Controls/ControlRig_Square_1mm.ubulk" 412
"../../../Engine/Plugins/Animation/ControlRig/Content/Controls/ControlRig_Square_1mm.uasset" 413
"../../../Engine/Plugins/Animation/ControlRig/Content/Controls/ControlRig_Square_1mm.uexp" 414
"../../../Engine/Plugins/Animation/ControlRig/Content/Controls/ControlRig_Sphere_solid.ubulk" 415
"../../../Engine/Plugins/Animation/ControlRig/Content/Controls/ControlRig_Sphere_solid.uasset" 416
"../../../Engine/Plugins/Animation/ControlRig/Content/Controls/ControlRig_Sphere_solid.uexp" 417
"../../../Engine/Plugins/Animation/ControlRig/Content/Controls/ControlRig_Sphere_3mm.ubulk" 418
"../../../Engine/Plugins/Animation/ControlRig/Content/Controls/ControlRig_Sphere_3mm.uasset" 419
"../../../Engine/Plugins/Animation/ControlRig/Content/Controls/ControlRig_Sphere_3mm.uexp" 420
"../../../Engine/Plugins/Animation/ControlRig/Content/Controls/ControlRig_Sphere_1mm.ubulk" 421
"../../../Engine/Plugins/Animation/ControlRig/Content/Controls/ControlRig_Sphere_1mm.uasset" 422
"../../../Engine/Plugins/Animation/ControlRig/Content/Controls/ControlRig_Sphere_1mm.uexp" 423
"../../../Engine/Plugins/Animation/ControlRig/Content/Controls/ControlRig_RoundedTriangle_solid.ubulk" 424
"../../../Engine/Plugins/Animation/ControlRig/Content/Controls/ControlRig_RoundedTriangle_solid.uasset" 425
"../../../Engine/Plugins/Animation/ControlRig/Content/Controls/ControlRig_RoundedTriangle_solid.uexp" 426
"../../../Engine/Plugins/Animation/ControlRig/Content/Controls/ControlRig_RoundedTriangle_3mm.ubulk" 427
"../../../Engine/Plugins/Animation/ControlRig/Content/Controls/ControlRig_RoundedTriangle_3mm.uasset" 428
"../../../Engine/Plugins/Animation/ControlRig/Content/Controls/ControlRig_RoundedTriangle_3mm.uexp" 429
"../../../Engine/Plugins/Animation/ControlRig/Content/Controls/ControlRig_RoundedTriangle_1mm.ubulk" 430
"../../../Engine/Plugins/Animation/ControlRig/Content/Controls/ControlRig_RoundedTriangle_1mm.uasset" 431
"../../../Engine/Plugins/Animation/ControlRig/Content/Controls/ControlRig_RoundedTriangle_1mm.uexp" 432
"../../../Engine/Plugins/Animation/ControlRig/Content/Controls/ControlRig_RoundedSquare_solid.ubulk" 433
"../../../Engine/Plugins/Animation/ControlRig/Content/Controls/ControlRig_RoundedSquare_solid.uasset" 434
"../../../Engine/Plugins/Animation/ControlRig/Content/Controls/ControlRig_RoundedSquare_solid.uexp" 435
"../../../Engine/Plugins/Animation/ControlRig/Content/Controls/ControlRig_RoundedSquare_3mm.ubulk" 436
"../../../Engine/Plugins/Animation/ControlRig/Content/Controls/ControlRig_RoundedSquare_3mm.uasset" 437
"../../../Engine/Plugins/Animation/ControlRig/Content/Controls/ControlRig_RoundedSquare_3mm.uexp" 438
"../../../Engine/Plugins/Animation/ControlRig/Content/Controls/ControlRig_RoundedSquare_1mm.ubulk" 439
"../../../Engine/Plugins/Animation/ControlRig/Content/Controls/ControlRig_RoundedSquare_1mm.uasset" 440
"../../../Engine/Plugins/Animation/ControlRig/Content/Controls/ControlRig_RoundedSquare_1mm.uexp" 441
"../../../Engine/Plugins/Animation/ControlRig/Content/Controls/ControlRig_QuarterCircle_solid.ubulk" 442
"../../../Engine/Plugins/Animation/ControlRig/Content/Controls/ControlRig_QuarterCircle_solid.uasset" 443
"../../../Engine/Plugins/Animation/ControlRig/Content/Controls/ControlRig_QuarterCircle_solid.uexp" 444
"../../../Engine/Plugins/Animation/ControlRig/Content/Controls/ControlRig_QuarterCircle_3mm.ubulk" 445
"../../../Engine/Plugins/Animation/ControlRig/Content/Controls/ControlRig_QuarterCircle_3mm.uasset" 446
"../../../Engine/Plugins/Animation/ControlRig/Content/Controls/ControlRig_QuarterCircle_3mm.uexp" 447
"../../../Engine/Plugins/Animation/ControlRig/Content/Controls/ControlRig_QuarterCircle_1mm.ubulk" 448
"../../../Engine/Plugins/Animation/ControlRig/Content/Controls/ControlRig_QuarterCircle_1mm.uasset" 449
"../../../Engine/Plugins/Animation/ControlRig/Content/Controls/ControlRig_QuarterCircle_1mm.uexp" 450
"../../../Engine/Plugins/Animation/ControlRig/Content/Controls/ControlRig_Pyramid_solid.ubulk" 451
"../../../Engine/Plugins/Animation/ControlRig/Content/Controls/ControlRig_Pyramid_solid.uasset" 452
"../../../Engine/Plugins/Animation/ControlRig/Content/Controls/ControlRig_Pyramid_solid.uexp" 453
"../../../Engine/Plugins/Animation/ControlRig/Content/Controls/ControlRig_Pyramid_3mm.ubulk" 454
"../../../Engine/Plugins/Animation/ControlRig/Content/Controls/ControlRig_Pyramid_3mm.uasset" 455
"../../../Engine/Plugins/Animation/ControlRig/Content/Controls/ControlRig_Pyramid_3mm.uexp" 456
"../../../Engine/Plugins/Animation/ControlRig/Content/Controls/ControlRig_Pyramid_1mm.ubulk" 457
"../../../Engine/Plugins/Animation/ControlRig/Content/Controls/ControlRig_Pyramid_1mm.uasset" 458
"../../../Engine/Plugins/Animation/ControlRig/Content/Controls/ControlRig_Pyramid_1mm.uexp" 459
"../../../Engine/Plugins/Animation/ControlRig/Content/Controls/ControlRig_Octagon_solid.ubulk" 460
"../../../Engine/Plugins/Animation/ControlRig/Content/Controls/ControlRig_Octagon_solid.uasset" 461
"../../../Engine/Plugins/Animation/ControlRig/Content/Controls/ControlRig_Octagon_solid.uexp" 462
"../../../Engine/Plugins/Animation/ControlRig/Content/Controls/ControlRig_Octagon_3mm.ubulk" 463
"../../../Engine/Plugins/Animation/ControlRig/Content/Controls/ControlRig_Octagon_3mm.uasset" 464
"../../../Engine/Plugins/Animation/ControlRig/Content/Controls/ControlRig_Octagon_3mm.uexp" 465
"../../../Engine/Plugins/Animation/ControlRig/Content/Controls/ControlRig_Octagon_1mm.ubulk" 466
"../../../Engine/Plugins/Animation/ControlRig/Content/Controls/ControlRig_Octagon_1mm.uasset" 467
"../../../Engine/Plugins/Animation/ControlRig/Content/Controls/ControlRig_Octagon_1mm.uexp" 468
"../../../Engine/Plugins/Animation/ControlRig/Content/Controls/ControlRig_Hexagon_solid.ubulk" 469
"../../../Engine/Plugins/Animation/ControlRig/Content/Controls/ControlRig_Hexagon_solid.uasset" 470
"../../../Engine/Plugins/Animation/ControlRig/Content/Controls/ControlRig_Hexagon_solid.uexp" 471
"../../../Engine/Plugins/Animation/ControlRig/Content/Controls/ControlRig_Hexagon_3mm.ubulk" 472
"../../../Engine/Plugins/Animation/ControlRig/Content/Controls/ControlRig_Hexagon_3mm.uasset" 473
"../../../Engine/Plugins/Animation/ControlRig/Content/Controls/ControlRig_Hexagon_3mm.uexp" 474
"../../../Engine/Plugins/Animation/ControlRig/Content/Controls/ControlRig_Hexagon_1mm.ubulk" 475
"../../../Engine/Plugins/Animation/ControlRig/Content/Controls/ControlRig_Hexagon_1mm.uasset" 476
"../../../Engine/Plugins/Animation/ControlRig/Content/Controls/ControlRig_Hexagon_1mm.uexp" 477
"../../../Engine/Plugins/Animation/ControlRig/Content/Controls/ControlRig_HalfCircle_solid.ubulk" 478
"../../../Engine/Plugins/Animation/ControlRig/Content/Controls/ControlRig_HalfCircle_solid.uasset" 479
"../../../Engine/Plugins/Animation/ControlRig/Content/Controls/ControlRig_HalfCircle_solid.uexp" 480
"../../../Engine/Plugins/Animation/ControlRig/Content/Controls/ControlRig_HalfCircle_3mm.ubulk" 481
"../../../Engine/Plugins/Animation/ControlRig/Content/Controls/ControlRig_HalfCircle_3mm.uasset" 482
"../../../Engine/Plugins/Animation/ControlRig/Content/Controls/ControlRig_HalfCircle_3mm.uexp" 483
"../../../Engine/Plugins/Animation/ControlRig/Content/Controls/ControlRig_HalfCircle_1mm.ubulk" 484
"../../../Engine/Plugins/Animation/ControlRig/Content/Controls/ControlRig_HalfCircle_1mm.uasset" 485
"../../../Engine/Plugins/Animation/ControlRig/Content/Controls/ControlRig_HalfCircle_1mm.uexp" 486
"../../../Engine/Plugins/Animation/ControlRig/Content/Controls/ControlRig_Diamond_solid.ubulk" 487
"../../../Engine/Plugins/Animation/ControlRig/Content/Controls/ControlRig_Diamond_solid.uasset" 488
"../../../Engine/Plugins/Animation/ControlRig/Content/Controls/ControlRig_Diamond_solid.uexp" 489
"../../../Engine/Plugins/Animation/ControlRig/Content/Controls/ControlRig_Diamond_3mm.ubulk" 490
"../../../Engine/Plugins/Animation/ControlRig/Content/Controls/ControlRig_Diamond_3mm.uasset" 491
"../../../Engine/Plugins/Animation/ControlRig/Content/Controls/ControlRig_Diamond_3mm.uexp" 492
"../../../Engine/Plugins/Animation/ControlRig/Content/Controls/ControlRig_Diamond_1mm.ubulk" 493
"../../../Engine/Plugins/Animation/ControlRig/Content/Controls/ControlRig_Diamond_1mm.uasset" 494
"../../../Engine/Plugins/Animation/ControlRig/Content/Controls/ControlRig_Diamond_1mm.uexp" 495
"../../../Engine/Plugins/Animation/ControlRig/Content/Controls/ControlRig_Circle_solid.ubulk" 496
"../../../Engine/Plugins/Animation/ControlRig/Content/Controls/ControlRig_Circle_solid.uasset" 497
"../../../Engine/Plugins/Animation/ControlRig/Content/Controls/ControlRig_Circle_solid.uexp" 498
"../../../Engine/Plugins/Animation/ControlRig/Content/Controls/ControlRig_Circle_3mm.ubulk" 499
"../../../Engine/Plugins/Animation/ControlRig/Content/Controls/ControlRig_Circle_3mm.uasset" 500
"../../../Engine/Plugins/Animation/ControlRig/Content/Controls/ControlRig_Circle_3mm.uexp" 501
"../../../Engine/Plugins/Animation/ControlRig/Content/Controls/ControlRig_Circle_1mm.ubulk" 502
"../../../Engine/Plugins/Animation/ControlRig/Content/Controls/ControlRig_Circle_1mm.uasset" 503
"../../../Engine/Plugins/Animation/ControlRig/Content/Controls/ControlRig_Circle_1mm.uexp" 504
"../../../Engine/Plugins/Animation/ControlRig/Content/Controls/ControlRig_Box_solid.ubulk" 505
"../../../Engine/Plugins/Animation/ControlRig/Content/Controls/ControlRig_Box_solid.uasset" 506
"../../../Engine/Plugins/Animation/ControlRig/Content/Controls/ControlRig_Box_solid.uexp" 507
"../../../Engine/Plugins/Animation/ControlRig/Content/Controls/ControlRig_Box_3mm.ubulk" 508
"../../../Engine/Plugins/Animation/ControlRig/Content/Controls/ControlRig_Box_3mm.uasset" 509
"../../../Engine/Plugins/Animation/ControlRig/Content/Controls/ControlRig_Box_3mm.uexp" 510
"../../../Engine/Plugins/Animation/ControlRig/Content/Controls/ControlRig_Box_1mm.ubulk" 511
"../../../Engine/Plugins/Animation/ControlRig/Content/Controls/ControlRig_Box_1mm.uasset" 512
"../../../Engine/Plugins/Animation/ControlRig/Content/Controls/ControlRig_Box_1mm.uexp" 513
"../../../Engine/Plugins/Animation/ControlRig/Content/Controls/ControlRig_Arrow_solid.ubulk" 514
"../../../Engine/Plugins/Animation/ControlRig/Content/Controls/ControlRig_Arrow_solid.uasset" 515
"../../../Engine/Plugins/Animation/ControlRig/Content/Controls/ControlRig_Arrow_solid.uexp" 516
"../../../Engine/Plugins/Animation/ControlRig/Content/Controls/ControlRig_Arrow_3mm.ubulk" 517
"../../../Engine/Plugins/Animation/ControlRig/Content/Controls/ControlRig_Arrow_3mm.uasset" 518
"../../../Engine/Plugins/Animation/ControlRig/Content/Controls/ControlRig_Arrow_3mm.uexp" 519
"../../../Engine/Plugins/Animation/ControlRig/Content/Controls/ControlRig_Arrow_1mm.ubulk" 520
"../../../Engine/Plugins/Animation/ControlRig/Content/Controls/ControlRig_Arrow_1mm.uasset" 521
"../../../Engine/Plugins/Animation/ControlRig/Content/Controls/ControlRig_Arrow_1mm.uexp" 522
"../../../Engine/Plugins/Animation/ControlRig/Content/Controls/ControlRig_Arrow4_solid.ubulk" 523
"../../../Engine/Plugins/Animation/ControlRig/Content/Controls/ControlRig_Arrow4_solid.uasset" 524
"../../../Engine/Plugins/Animation/ControlRig/Content/Controls/ControlRig_Arrow4_solid.uexp" 525
"../../../Engine/Plugins/Animation/ControlRig/Content/Controls/ControlRig_Arrow4_3mm.ubulk" 526
"../../../Engine/Plugins/Animation/ControlRig/Content/Controls/ControlRig_Arrow4_3mm.uasset" 527
"../../../Engine/Plugins/Animation/ControlRig/Content/Controls/ControlRig_Arrow4_3mm.uexp" 528
"../../../Engine/Plugins/Animation/ControlRig/Content/Controls/ControlRig_Arrow4_1mm.ubulk" 529
"../../../Engine/Plugins/Animation/ControlRig/Content/Controls/ControlRig_Arrow4_1mm.uasset" 530
"../../../Engine/Plugins/Animation/ControlRig/Content/Controls/ControlRig_Arrow4_1mm.uexp" 531
"../../../Engine/Plugins/Animation/ControlRig/Content/Controls/ControlRig_Arrow2_solid.ubulk" 532
"../../../Engine/Plugins/Animation/ControlRig/Content/Controls/ControlRig_Arrow2_solid.uasset" 533
"../../../Engine/Plugins/Animation/ControlRig/Content/Controls/ControlRig_Arrow2_solid.uexp" 534
"../../../Engine/Plugins/Animation/ControlRig/Content/Controls/ControlRig_Arrow2_3mm.ubulk" 535
"../../../Engine/Plugins/Animation/ControlRig/Content/Controls/ControlRig_Arrow2_3mm.uasset" 536
"../../../Engine/Plugins/Animation/ControlRig/Content/Controls/ControlRig_Arrow2_3mm.uexp" 537
"../../../Engine/Plugins/Animation/ControlRig/Content/Controls/ControlRig_Arrow2_1mm.ubulk" 538
"../../../Engine/Plugins/Animation/ControlRig/Content/Controls/ControlRig_Arrow2_1mm.uasset" 539
"../../../Engine/Plugins/Animation/ControlRig/Content/Controls/ControlRig_Arrow2_1mm.uexp" 540
"../../../Engine/Plugins/Animation/ControlRig/Content/Controls/ControlRigGizmoMaterial.uasset" 541
"../../../Engine/Plugins/Animation/ControlRig/Content/Controls/ControlRigGizmoMaterial.uexp" 542
"../../../Engine/Plugins/Editor/SpeedTreeImporter/Content/SpeedTree9/game_wind_noise.ubulk" 543
"../../../Engine/Plugins/Editor/SpeedTreeImporter/Content/SpeedTree9/game_wind_noise.uasset" 544
"../../../Engine/Plugins/Editor/SpeedTreeImporter/Content/SpeedTree9/game_wind_noise.uexp" 545
"../../../Engine/Plugins/Editor/SpeedTreeImporter/Content/SpeedTree9/UnpackDirection.uasset" 546
"../../../Engine/Plugins/Editor/SpeedTreeImporter/Content/SpeedTree9/UnpackDirection.uexp" 547
"../../../Engine/Content/Functions/Engine_MaterialFunctions02/ObjectLocalBounds.uasset" 548
"../../../Engine/Content/Functions/Engine_MaterialFunctions02/ObjectLocalBounds.uexp" 549
"../../../Engine/Content/Functions/Engine_MaterialFunctions02/UVs/BoundingBoxBased_0-1_UVW.uasset" 550
"../../../Engine/Content/Functions/Engine_MaterialFunctions02/UVs/BoundingBoxBased_0-1_UVW.uexp" 551
"../../../Engine/Content/Functions/Engine_MaterialFunctions02/Utility/VectorLength.uasset" 552
"../../../Engine/Content/Functions/Engine_MaterialFunctions02/Utility/VectorLength.uexp" 553
"../../../Engine/Plugins/Editor/SpeedTreeImporter/Content/SpeedTree9/UnpackInteger3.uasset" 554
"../../../Engine/Plugins/Editor/SpeedTreeImporter/Content/SpeedTree9/UnpackInteger3.uexp" 555
"../../../Engine/Plugins/Editor/SpeedTreeImporter/Content/SpeedTree9/SpeedTreeCameraFacing.uasset" 556
"../../../Engine/Plugins/Editor/SpeedTreeImporter/Content/SpeedTree9/SpeedTreeCameraFacing.uexp" 557
"../../../Engine/Content/Functions/Engine_MaterialFunctions02/WorldPositionOffset/ObjectScale.uasset" 558
"../../../Engine/Content/Functions/Engine_MaterialFunctions02/WorldPositionOffset/ObjectScale.uexp" 559
"../../../Engine/Content/Functions/Engine_MaterialFunctions02/SafeNormalize.uasset" 560
"../../../Engine/Content/Functions/Engine_MaterialFunctions02/SafeNormalize.uexp" 561
"../../../Engine/Plugins/Editor/SpeedTreeImporter/Content/SpeedTree9/SpeedTreeWindMotion.uasset" 562
"../../../Engine/Plugins/Editor/SpeedTreeImporter/Content/SpeedTree9/SpeedTreeWindMotion.uexp" 563
"../../../Engine/Plugins/Editor/SpeedTreeImporter/Content/SpeedTree9/SpeedTreeBranchMotion.uasset" 564
"../../../Engine/Plugins/Editor/SpeedTreeImporter/Content/SpeedTree9/SpeedTreeBranchMotion.uexp" 565
"../../../Engine/Plugins/Editor/SpeedTreeImporter/Content/SpeedTree9/SpeedTreeWind.uasset" 566
"../../../Engine/Plugins/Editor/SpeedTreeImporter/Content/SpeedTree9/SpeedTreeWind.uexp" 567
"../../../Engine/Plugins/Editor/SpeedTreeImporter/Content/SpeedTree9/EmptyNormal.uasset" 568
"../../../Engine/Plugins/Editor/SpeedTreeImporter/Content/SpeedTree9/EmptyNormal.uexp" 569
"../../../Engine/Plugins/Editor/SpeedTreeImporter/Content/SpeedTree9/Empty.uasset" 570
"../../../Engine/Plugins/Editor/SpeedTreeImporter/Content/SpeedTree9/Empty.uexp" 571
"../../../Engine/Plugins/Editor/SpeedTreeImporter/Content/SpeedTree9/SpeedTreeMaster.uasset" 572
"../../../Engine/Plugins/Editor/SpeedTreeImporter/Content/SpeedTree9/SpeedTreeMaster.uexp" 573
"../../../Engine/Plugins/Editor/SpeedTreeImporter/Content/SpeedTree9/SpeedTreeBillboard.uasset" 574
"../../../Engine/Plugins/Editor/SpeedTreeImporter/Content/SpeedTree9/SpeedTreeBillboard.uexp" 575
"../../../Engine/Plugins/Editor/SpeedTreeImporter/Content/SpeedTree9/SpeedTreeBillboardMaster.uasset" 576
"../../../Engine/Plugins/Editor/SpeedTreeImporter/Content/SpeedTree9/SpeedTreeBillboardMaster.uexp" 577
"../../../Engine/Plugins/Runtime/HairStrands/Content/Materials/HairMeshesDefaultMaterial.uasset" 578
"../../../Engine/Plugins/Runtime/HairStrands/Content/Materials/HairMeshesDefaultMaterial.uexp" 579
"../../../Engine/Plugins/Runtime/HairStrands/Content/Materials/HairDefaultMaterial.uasset" 580
"../../../Engine/Plugins/Runtime/HairStrands/Content/Materials/HairDefaultMaterial.uexp" 581
"../../../Engine/Plugins/Runtime/HairStrands/Content/Materials/HairGroupColors.uasset" 582
"../../../Engine/Plugins/Runtime/HairStrands/Content/Materials/HairGroupColors.uexp" 583
"../../../Engine/Content/EngineMaterials/HairColorMap.uasset" 584
"../../../Engine/Content/EngineMaterials/HairColorMap.uexp" 585
"../../../Engine/Content/EngineMaterials/HairDebugColor.uasset" 586
"../../../Engine/Content/EngineMaterials/HairDebugColor.uexp" 587
"../../../Engine/Plugins/Runtime/HairStrands/Content/Materials/HairDebugMaterial.uasset" 588
"../../../Engine/Plugins/Runtime/HairStrands/Content/Materials/HairDebugMaterial.uexp" 589
"../../../Engine/Plugins/Runtime/HairStrands/Content/Materials/HairCardsDefaultMaterial.uasset" 590
"../../../Engine/Plugins/Runtime/HairStrands/Content/Materials/HairCardsDefaultMaterial.uexp" 591
"C:/Users/sammc/Downloads/EyreD_McKayS-Lives-and-Widgets/Content/StarterContent/Blueprints/BP_GameMode_Menu.uasset" 592
"C:/Users/sammc/Downloads/EyreD_McKayS-Lives-and-Widgets/Content/StarterContent/Blueprints/BP_GameMode_Menu.uexp" 593
"C:/Users/sammc/Downloads/EyreD_McKayS-Lives-and-Widgets/Content/StarterContent/Images/3D-maze.uasset" 594
"C:/Users/sammc/Downloads/EyreD_McKayS-Lives-and-Widgets/Content/StarterContent/Images/3D-maze.uexp" 595
"C:/Users/sammc/Downloads/EyreD_McKayS-Lives-and-Widgets/Content/StarterContent/Blueprints/HUD/WidgetMainMenu.uasset" 596
"C:/Users/sammc/Downloads/EyreD_McKayS-Lives-and-Widgets/Content/StarterContent/Blueprints/HUD/WidgetMainMenu.uexp" 597
"C:/Users/sammc/Downloads/EyreD_McKayS-Lives-and-Widgets/Content/StarterContent/Maps/levelMainMenu.uexp" 598
"C:/Users/sammc/Downloads/EyreD_McKayS-Lives-and-Widgets/Content/StarterContent/Maps/levelMainMenu.umap" 599
"C:/Users/sammc/Downloads/EyreD_McKayS-Lives-and-Widgets/Content/StarterContent/Maps/_GENERATED/eyreda/CubeGridToolOutput_218AA51E.ubulk" 600
"C:/Users/sammc/Downloads/EyreD_McKayS-Lives-and-Widgets/Content/StarterContent/Maps/_GENERATED/eyreda/CubeGridToolOutput_218AA51E.uasset" 601
"C:/Users/sammc/Downloads/EyreD_McKayS-Lives-and-Widgets/Content/StarterContent/Maps/_GENERATED/eyreda/CubeGridToolOutput_218AA51E.uexp" 602
"C:/Users/sammc/Downloads/EyreD_McKayS-Lives-and-Widgets/Content/StarterContent/Blueprints/PickupBase/widgetPickupBase.uasset" 603
"C:/Users/sammc/Downloads/EyreD_McKayS-Lives-and-Widgets/Content/StarterContent/Blueprints/PickupBase/widgetPickupBase.uexp" 604
"C:/Users/sammc/Downloads/EyreD_McKayS-Lives-and-Widgets/Content/Retro_8Bit_Sounds/Collectables/Wavs/retro_collect_pickup_item_08.ubulk" 605
"C:/Users/sammc/Downloads/EyreD_McKayS-Lives-and-Widgets/Content/Retro_8Bit_Sounds/Collectables/Wavs/retro_collect_pickup_item_08.uasset" 606
"C:/Users/sammc/Downloads/EyreD_McKayS-Lives-and-Widgets/Content/Retro_8Bit_Sounds/Collectables/Wavs/retro_collect_pickup_item_08.uexp" 607
"C:/Users/sammc/Downloads/EyreD_McKayS-Lives-and-Widgets/Content/StarterContent/Blueprints/BP_Ball_GameInstance.uasset" 608
"C:/Users/sammc/Downloads/EyreD_McKayS-Lives-and-Widgets/Content/StarterContent/Blueprints/BP_Ball_GameInstance.uexp" 609
"C:/Users/sammc/Downloads/EyreD_McKayS-Lives-and-Widgets/Content/StarterContent/Blueprints/HUD/WidgetLoseMenu.uasset" 610
"C:/Users/sammc/Downloads/EyreD_McKayS-Lives-and-Widgets/Content/StarterContent/Blueprints/HUD/WidgetLoseMenu.uexp" 611
"C:/Users/sammc/Downloads/EyreD_McKayS-Lives-and-Widgets/Content/Retro_8Bit_Sounds/Impacts/Wavs/retro_impact_hit_11.ubulk" 612
"C:/Users/sammc/Downloads/EyreD_McKayS-Lives-and-Widgets/Content/Retro_8Bit_Sounds/Impacts/Wavs/retro_impact_hit_11.uasset" 613
"C:/Users/sammc/Downloads/EyreD_McKayS-Lives-and-Widgets/Content/Retro_8Bit_Sounds/Impacts/Wavs/retro_impact_hit_11.uexp" 614
"C:/Users/sammc/Downloads/EyreD_McKayS-Lives-and-Widgets/Content/Retro_8Bit_Sounds/Impacts/Cues/retro_impact_hit_11_Cue.uasset" 615
"C:/Users/sammc/Downloads/EyreD_McKayS-Lives-and-Widgets/Content/Retro_8Bit_Sounds/Impacts/Cues/retro_impact_hit_11_Cue.uexp" 616
"C:/Users/sammc/Downloads/EyreD_McKayS-Lives-and-Widgets/Content/Rolling/Materials/PM_CUSTOM.uasset" 617
"C:/Users/sammc/Downloads/EyreD_McKayS-Lives-and-Widgets/Content/Rolling/Materials/PM_CUSTOM.uexp" 618
"../../../Engine/Content/EngineMaterials/Grid.ubulk" 619
"../../../Engine/Content/EngineMaterials/Grid.uasset" 620
"../../../Engine/Content/EngineMaterials/Grid.uexp" 621
"C:/Users/sammc/Downloads/EyreD_McKayS-Lives-and-Widgets/Content/Rolling/Materials/M_Blue_Checker.uasset" 622
"C:/Users/sammc/Downloads/EyreD_McKayS-Lives-and-Widgets/Content/Rolling/Materials/M_Blue_Checker.uexp" 623
"C:/Users/sammc/Downloads/EyreD_McKayS-Lives-and-Widgets/Content/Rolling/Meshes/BallMesh.ubulk" 624
"C:/Users/sammc/Downloads/EyreD_McKayS-Lives-and-Widgets/Content/Rolling/Meshes/BallMesh.uasset" 625
"C:/Users/sammc/Downloads/EyreD_McKayS-Lives-and-Widgets/Content/Rolling/Meshes/BallMesh.uexp" 626
"C:/Users/sammc/Downloads/EyreD_McKayS-Lives-and-Widgets/Content/Retro_8Bit_Sounds/Jumping/Wavs/retro_jump_bounce_12.ubulk" 627
"C:/Users/sammc/Downloads/EyreD_McKayS-Lives-and-Widgets/Content/Retro_8Bit_Sounds/Jumping/Wavs/retro_jump_bounce_12.uasset" 628
"C:/Users/sammc/Downloads/EyreD_McKayS-Lives-and-Widgets/Content/Retro_8Bit_Sounds/Jumping/Wavs/retro_jump_bounce_12.uexp" 629
"C:/Users/sammc/Downloads/EyreD_McKayS-Lives-and-Widgets/Content/Retro_8Bit_Sounds/Jumping/Cues/retro_jump_bounce_12_Cue.uasset" 630
"C:/Users/sammc/Downloads/EyreD_McKayS-Lives-and-Widgets/Content/Retro_8Bit_Sounds/Jumping/Cues/retro_jump_bounce_12_Cue.uexp" 631
"C:/Users/sammc/Downloads/EyreD_McKayS-Lives-and-Widgets/Content/StarterContent/Blueprints/BallPawn.uasset" 632
"C:/Users/sammc/Downloads/EyreD_McKayS-Lives-and-Widgets/Content/StarterContent/Blueprints/BallPawn.uexp" 633
"../../../Engine/Content/EngineResources/Black.uasset" 634
"../../../Engine/Content/EngineResources/Black.uexp" 635
"C:/Users/sammc/Downloads/EyreD_McKayS-Lives-and-Widgets/Content/InfinityBladeEffects/Effects/Masters/M_Add_Sprite_Master.uasset" 636
"C:/Users/sammc/Downloads/EyreD_McKayS-Lives-and-Widgets/Content/InfinityBladeEffects/Effects/Masters/M_Add_Sprite_Master.uexp" 637
"C:/Users/sammc/Downloads/EyreD_McKayS-Lives-and-Widgets/Content/InfinityBladeEffects/Effects/FX_Textures/Gradient/T_LightCone.ubulk" 638
"C:/Users/sammc/Downloads/EyreD_McKayS-Lives-and-Widgets/Content/InfinityBladeEffects/Effects/FX_Textures/Gradient/T_LightCone.uasset" 639
"C:/Users/sammc/Downloads/EyreD_McKayS-Lives-and-Widgets/Content/InfinityBladeEffects/Effects/FX_Textures/Gradient/T_LightCone.uexp" 640
"C:/Users/sammc/Downloads/EyreD_McKayS-Lives-and-Widgets/Content/InfinityBladeEffects/Effects/FX_Materials/Gradient/M_Flare_Vertical_02_Inst.uasset" 641
"C:/Users/sammc/Downloads/EyreD_McKayS-Lives-and-Widgets/Content/InfinityBladeEffects/Effects/FX_Materials/Gradient/M_Flare_Vertical_02_Inst.uexp" 642
"C:/Users/sammc/Downloads/EyreD_McKayS-Lives-and-Widgets/Content/InfinityBladeEffects/Effects/FX_Textures/Gradient/T_starFlare_01.ubulk" 643
"C:/Users/sammc/Downloads/EyreD_McKayS-Lives-and-Widgets/Content/InfinityBladeEffects/Effects/FX_Textures/Gradient/T_starFlare_01.uasset" 644
"C:/Users/sammc/Downloads/EyreD_McKayS-Lives-and-Widgets/Content/InfinityBladeEffects/Effects/FX_Textures/Gradient/T_starFlare_01.uexp" 645
"C:/Users/sammc/Downloads/EyreD_McKayS-Lives-and-Widgets/Content/InfinityBladeEffects/Effects/Masters/M_Add_Sprite_Master_DepthFade.uasset" 646
"C:/Users/sammc/Downloads/EyreD_McKayS-Lives-and-Widgets/Content/InfinityBladeEffects/Effects/Masters/M_Add_Sprite_Master_DepthFade.uexp" 647
"C:/Users/sammc/Downloads/EyreD_McKayS-Lives-and-Widgets/Content/InfinityBladeEffects/Effects/FX_Materials/Gradient/M_Flare_01_INST.uasset" 648
"C:/Users/sammc/Downloads/EyreD_McKayS-Lives-and-Widgets/Content/InfinityBladeEffects/Effects/FX_Materials/Gradient/M_Flare_01_INST.uexp" 649
"C:/Users/sammc/Downloads/EyreD_McKayS-Lives-and-Widgets/Content/InfinityBladeEffects/Effects/FX_Textures/Gradient/T_SoftFallOff.ubulk" 650
"C:/Users/sammc/Downloads/EyreD_McKayS-Lives-and-Widgets/Content/InfinityBladeEffects/Effects/FX_Textures/Gradient/T_SoftFallOff.uasset" 651
"C:/Users/sammc/Downloads/EyreD_McKayS-Lives-and-Widgets/Content/InfinityBladeEffects/Effects/FX_Textures/Gradient/T_SoftFallOff.uexp" 652
"C:/Users/sammc/Downloads/EyreD_McKayS-Lives-and-Widgets/Content/InfinityBladeEffects/Effects/FX_Materials/Gradient/M_Flare_03_INST.uasset" 653
"C:/Users/sammc/Downloads/EyreD_McKayS-Lives-and-Widgets/Content/InfinityBladeEffects/Effects/FX_Materials/Gradient/M_Flare_03_INST.uexp" 654
"C:/Users/sammc/Downloads/EyreD_McKayS-Lives-and-Widgets/Content/InfinityBladeEffects/Effects/FX_Textures/Gradient/T_starFlare_02.ubulk" 655
"C:/Users/sammc/Downloads/EyreD_McKayS-Lives-and-Widgets/Content/InfinityBladeEffects/Effects/FX_Textures/Gradient/T_starFlare_02.uasset" 656
"C:/Users/sammc/Downloads/EyreD_McKayS-Lives-and-Widgets/Content/InfinityBladeEffects/Effects/FX_Textures/Gradient/T_starFlare_02.uexp" 657
"C:/Users/sammc/Downloads/EyreD_McKayS-Lives-and-Widgets/Content/InfinityBladeEffects/Effects/FX_Materials/Gradient/M_Flare_02_INST.uasset" 658
"C:/Users/sammc/Downloads/EyreD_McKayS-Lives-and-Widgets/Content/InfinityBladeEffects/Effects/FX_Materials/Gradient/M_Flare_02_INST.uexp" 659
"C:/Users/sammc/Downloads/EyreD_McKayS-Lives-and-Widgets/Content/InfinityBladeEffects/Effects/FX_Treasure/Gold_Bag/P_GoldSparkle_Bag_Pickup.uasset" 660
"C:/Users/sammc/Downloads/EyreD_McKayS-Lives-and-Widgets/Content/InfinityBladeEffects/Effects/FX_Treasure/Gold_Bag/P_GoldSparkle_Bag_Pickup.uexp" 661
"C:/Users/sammc/Downloads/EyreD_McKayS-Lives-and-Widgets/Content/StarterContent/Textures/T_Statue_M.ubulk" 662
"C:/Users/sammc/Downloads/EyreD_McKayS-Lives-and-Widgets/Content/StarterContent/Textures/T_Statue_M.uasset" 663
"C:/Users/sammc/Downloads/EyreD_McKayS-Lives-and-Widgets/Content/StarterContent/Textures/T_Statue_M.uexp" 664
"C:/Users/sammc/Downloads/EyreD_McKayS-Lives-and-Widgets/Content/StarterContent/Textures/T_Statue_N.ubulk" 665
"C:/Users/sammc/Downloads/EyreD_McKayS-Lives-and-Widgets/Content/StarterContent/Textures/T_Statue_N.uasset" 666
"C:/Users/sammc/Downloads/EyreD_McKayS-Lives-and-Widgets/Content/StarterContent/Textures/T_Statue_N.uexp" 667
"C:/Users/sammc/Downloads/EyreD_McKayS-Lives-and-Widgets/Content/StarterContent/Props/Materials/M_Statue.uasset" 668
"C:/Users/sammc/Downloads/EyreD_McKayS-Lives-and-Widgets/Content/StarterContent/Props/Materials/M_Statue.uexp" 669
"C:/Users/sammc/Downloads/EyreD_McKayS-Lives-and-Widgets/Content/StarterContent/Props/Materials/M_StatueGlass.uasset" 670
"C:/Users/sammc/Downloads/EyreD_McKayS-Lives-and-Widgets/Content/StarterContent/Props/Materials/M_StatueGlass.uexp" 671
"C:/Users/sammc/Downloads/EyreD_McKayS-Lives-and-Widgets/Content/StarterContent/Props/SM_Statue.ubulk" 672
"C:/Users/sammc/Downloads/EyreD_McKayS-Lives-and-Widgets/Content/StarterContent/Props/SM_Statue.uasset" 673
"C:/Users/sammc/Downloads/EyreD_McKayS-Lives-and-Widgets/Content/StarterContent/Props/SM_Statue.uexp" 674
"C:/Users/sammc/Downloads/EyreD_McKayS-Lives-and-Widgets/Content/StarterContent/Blueprints/PickupBase/ActorPickupBase.uasset" 675
"C:/Users/sammc/Downloads/EyreD_McKayS-Lives-and-Widgets/Content/StarterContent/Blueprints/PickupBase/ActorPickupBase.uexp" 676
"../../../Engine/Content/EngineSky/C_Sky_Horizon_Color.uasset" 677
"../../../Engine/Content/EngineSky/C_Sky_Horizon_Color.uexp" 678
"../../../Engine/Content/EngineSky/T_Sky_Stars.ubulk" 679
"../../../Engine/Content/EngineSky/T_Sky_Stars.uasset" 680
"../../../Engine/Content/EngineSky/T_Sky_Stars.uexp" 681
"../../../Engine/Content/EngineSky/T_Sky_Clouds_M.ubulk" 682
"../../../Engine/Content/EngineSky/T_Sky_Clouds_M.uasset" 683
"../../../Engine/Content/EngineSky/T_Sky_Clouds_M.uexp" 684
"../../../Engine/Content/EngineSky/T_Sky_Blue.ubulk" 685
"../../../Engine/Content/EngineSky/T_Sky_Blue.uasset" 686
"../../../Engine/Content/EngineSky/T_Sky_Blue.uexp" 687
"../../../Engine/Content/EngineSky/M_Sky_Panning_Clouds2.uasset" 688
"../../../Engine/Content/EngineSky/M_Sky_Panning_Clouds2.uexp" 689
"../../../Engine/Content/EngineSky/SM_SkySphere.ubulk" 690
"../../../Engine/Content/EngineSky/SM_SkySphere.uasset" 691
"../../../Engine/Content/EngineSky/SM_SkySphere.uexp" 692
"../../../Engine/Content/EngineSky/C_Sky_Cloud_Color.uasset" 693
"../../../Engine/Content/EngineSky/C_Sky_Cloud_Color.uexp" 694
"../../../Engine/Content/EngineSky/C_Sky_Zenith_Color.uasset" 695
"../../../Engine/Content/EngineSky/C_Sky_Zenith_Color.uexp" 696
"../../../Engine/Content/EditorBlueprintResources/StandardMacros.uasset" 697
"../../../Engine/Content/EditorBlueprintResources/StandardMacros.uexp" 698
"../../../Engine/Content/EngineSky/BP_Sky_Sphere.uasset" 699
"../../../Engine/Content/EngineSky/BP_Sky_Sphere.uexp" 700
"C:/Users/sammc/Downloads/EyreD_McKayS-Lives-and-Widgets/Content/StarterContent/Maps/_GENERATED/sammc/CubeGridToolOutput_A5E4AC87.ubulk" 701
"C:/Users/sammc/Downloads/EyreD_McKayS-Lives-and-Widgets/Content/StarterContent/Maps/_GENERATED/sammc/CubeGridToolOutput_A5E4AC87.uasset" 702
"C:/Users/sammc/Downloads/EyreD_McKayS-Lives-and-Widgets/Content/StarterContent/Maps/_GENERATED/sammc/CubeGridToolOutput_A5E4AC87.uexp" 703
"C:/Users/sammc/Downloads/EyreD_McKayS-Lives-and-Widgets/Content/StarterContent/Maps/_GENERATED/sammc/Box_4D96BC07.ubulk" 704
"C:/Users/sammc/Downloads/EyreD_McKayS-Lives-and-Widgets/Content/StarterContent/Maps/_GENERATED/sammc/Box_4D96BC07.uasset" 705
"C:/Users/sammc/Downloads/EyreD_McKayS-Lives-and-Widgets/Content/StarterContent/Maps/_GENERATED/sammc/Box_4D96BC07.uexp" 706
"C:/Users/sammc/Downloads/EyreD_McKayS-Lives-and-Widgets/Content/StarterContent/Audio/Starter_Music01.ubulk" 707
"C:/Users/sammc/Downloads/EyreD_McKayS-Lives-and-Widgets/Content/StarterContent/Audio/Starter_Music01.uasset" 708
"C:/Users/sammc/Downloads/EyreD_McKayS-Lives-and-Widgets/Content/StarterContent/Audio/Starter_Music01.uexp" 709
"C:/Users/sammc/Downloads/EyreD_McKayS-Lives-and-Widgets/Content/StarterContent/Blueprints/HUD/WidgetScreenHUD.uasset" 710
"C:/Users/sammc/Downloads/EyreD_McKayS-Lives-and-Widgets/Content/StarterContent/Blueprints/HUD/WidgetScreenHUD.uexp" 711
"C:/Users/sammc/Downloads/EyreD_McKayS-Lives-and-Widgets/Content/StarterContent/Blueprints/HUD/HUDRolling.uasset" 712
"C:/Users/sammc/Downloads/EyreD_McKayS-Lives-and-Widgets/Content/StarterContent/Blueprints/HUD/HUDRolling.uexp" 713
"C:/Users/sammc/Downloads/EyreD_McKayS-Lives-and-Widgets/Content/StarterContent/Blueprints/HUD/GamemodeRolling.uasset" 714
"C:/Users/sammc/Downloads/EyreD_McKayS-Lives-and-Widgets/Content/StarterContent/Blueprints/HUD/GamemodeRolling.uexp" 715
"C:/Users/sammc/Downloads/EyreD_McKayS-Lives-and-Widgets/Content/StarterContent/Textures/T_Smoke_SubUV.ubulk" 716
"C:/Users/sammc/Downloads/EyreD_McKayS-Lives-and-Widgets/Content/StarterContent/Textures/T_Smoke_SubUV.uasset" 717
"C:/Users/sammc/Downloads/EyreD_McKayS-Lives-and-Widgets/Content/StarterContent/Textures/T_Smoke_SubUV.uexp" 718
"C:/Users/sammc/Downloads/EyreD_McKayS-Lives-and-Widgets/Content/StarterContent/Textures/T_Smoke_Tiled_D.ubulk" 719
"C:/Users/sammc/Downloads/EyreD_McKayS-Lives-and-Widgets/Content/StarterContent/Textures/T_Smoke_Tiled_D.uasset" 720
"C:/Users/sammc/Downloads/EyreD_McKayS-Lives-and-Widgets/Content/StarterContent/Textures/T_Smoke_Tiled_D.uexp" 721
"C:/Users/sammc/Downloads/EyreD_McKayS-Lives-and-Widgets/Content/StarterContent/Particles/Materials/M_smoke_subUV.uasset" 722
"C:/Users/sammc/Downloads/EyreD_McKayS-Lives-and-Widgets/Content/StarterContent/Particles/Materials/M_smoke_subUV.uexp" 723
"C:/Users/sammc/Downloads/EyreD_McKayS-Lives-and-Widgets/Content/StarterContent/Textures/T_Spark_Core.ubulk" 724
"C:/Users/sammc/Downloads/EyreD_McKayS-Lives-and-Widgets/Content/StarterContent/Textures/T_Spark_Core.uasset" 725
"C:/Users/sammc/Downloads/EyreD_McKayS-Lives-and-Widgets/Content/StarterContent/Textures/T_Spark_Core.uexp" 726
"C:/Users/sammc/Downloads/EyreD_McKayS-Lives-and-Widgets/Content/StarterContent/Particles/Materials/M_Spark.uasset" 727
"C:/Users/sammc/Downloads/EyreD_McKayS-Lives-and-Widgets/Content/StarterContent/Particles/Materials/M_Spark.uexp" 728
"C:/Users/sammc/Downloads/EyreD_McKayS-Lives-and-Widgets/Content/StarterContent/Particles/P_SparksRed.uasset" 729
"C:/Users/sammc/Downloads/EyreD_McKayS-Lives-and-Widgets/Content/StarterContent/Particles/P_SparksRed.uexp" 730
"C:/Users/sammc/Downloads/EyreD_McKayS-Lives-and-Widgets/Content/StarterContent/Audio/Explosion_Cue.uasset" 731
"C:/Users/sammc/Downloads/EyreD_McKayS-Lives-and-Widgets/Content/StarterContent/Audio/Explosion_Cue.uexp" 732
"C:/Users/sammc/Downloads/EyreD_McKayS-Lives-and-Widgets/Content/StarterContent/Audio/Fire_Sparks01.ubulk" 733
"C:/Users/sammc/Downloads/EyreD_McKayS-Lives-and-Widgets/Content/StarterContent/Audio/Fire_Sparks01.uasset" 734
"C:/Users/sammc/Downloads/EyreD_McKayS-Lives-and-Widgets/Content/StarterContent/Audio/Fire_Sparks01.uexp" 735
"C:/Users/sammc/Downloads/EyreD_McKayS-Lives-and-Widgets/Content/StarterContent/Audio/Fire_Sparks01_CuePinkBall.uasset" 736
"C:/Users/sammc/Downloads/EyreD_McKayS-Lives-and-Widgets/Content/StarterContent/Audio/Fire_Sparks01_CuePinkBall.uexp" 737
"C:/Users/sammc/Downloads/EyreD_McKayS-Lives-and-Widgets/Content/ExampleContent/Blueprint_Communication/Materials/M_Black_Metal.uasset" 738
"C:/Users/sammc/Downloads/EyreD_McKayS-Lives-and-Widgets/Content/ExampleContent/Blueprint_Communication/Materials/M_Black_Metal.uexp" 739
"C:/Users/sammc/Downloads/EyreD_McKayS-Lives-and-Widgets/Content/ExampleContent/Audio/Textures/T_Fabric_N.ubulk" 740
"C:/Users/sammc/Downloads/EyreD_McKayS-Lives-and-Widgets/Content/ExampleContent/Audio/Textures/T_Fabric_N.uasset" 741
"C:/Users/sammc/Downloads/EyreD_McKayS-Lives-and-Widgets/Content/ExampleContent/Audio/Textures/T_Fabric_N.uexp" 742
"C:/Users/sammc/Downloads/EyreD_McKayS-Lives-and-Widgets/Content/Assets/Textures/T_Fire_D.ubulk" 743
"C:/Users/sammc/Downloads/EyreD_McKayS-Lives-and-Widgets/Content/Assets/Textures/T_Fire_D.uasset" 744
"C:/Users/sammc/Downloads/EyreD_McKayS-Lives-and-Widgets/Content/Assets/Textures/T_Fire_D.uexp" 745
"C:/Users/sammc/Downloads/EyreD_McKayS-Lives-and-Widgets/Content/ExampleContent/AnimationDemo/Surface_Owen/Textures/T_Fabric_Weave.ubulk" 746
"C:/Users/sammc/Downloads/EyreD_McKayS-Lives-and-Widgets/Content/ExampleContent/AnimationDemo/Surface_Owen/Textures/T_Fabric_Weave.uasset" 747
"C:/Users/sammc/Downloads/EyreD_McKayS-Lives-and-Widgets/Content/ExampleContent/AnimationDemo/Surface_Owen/Textures/T_Fabric_Weave.uexp" 748
"C:/Users/sammc/Downloads/EyreD_McKayS-Lives-and-Widgets/Content/ExampleContent/Blueprint_Communication/Materials/M_Bomb_Fuse.uasset" 749
"C:/Users/sammc/Downloads/EyreD_McKayS-Lives-and-Widgets/Content/ExampleContent/Blueprint_Communication/Materials/M_Bomb_Fuse.uexp" 750
"C:/Users/sammc/Downloads/EyreD_McKayS-Lives-and-Widgets/Content/ExampleContent/Blueprint_Communication/Meshes/SM_Bomb.ubulk" 751
"C:/Users/sammc/Downloads/EyreD_McKayS-Lives-and-Widgets/Content/ExampleContent/Blueprint_Communication/Meshes/SM_Bomb.uasset" 752
"C:/Users/sammc/Downloads/EyreD_McKayS-Lives-and-Widgets/Content/ExampleContent/Blueprint_Communication/Meshes/SM_Bomb.uexp" 753
"C:/Users/sammc/Downloads/EyreD_McKayS-Lives-and-Widgets/Content/StarterContent/Blueprints/pickups/bomb.uasset" 754
"C:/Users/sammc/Downloads/EyreD_McKayS-Lives-and-Widgets/Content/StarterContent/Blueprints/pickups/bomb.uexp" 755
"C:/Users/sammc/Downloads/EyreD_McKayS-Lives-and-Widgets/Content/StarterContent/Blueprints/HUD/W_level1.uasset" 756
"C:/Users/sammc/Downloads/EyreD_McKayS-Lives-and-Widgets/Content/StarterContent/Blueprints/HUD/W_level1.uexp" 757
"C:/Users/sammc/Downloads/EyreD_McKayS-Lives-and-Widgets/Content/StarterContent/Blueprints/HUD/SaveRollingGame.uasset" 758
"C:/Users/sammc/Downloads/EyreD_McKayS-Lives-and-Widgets/Content/StarterContent/Blueprints/HUD/SaveRollingGame.uexp" 759
"C:/Users/sammc/Downloads/EyreD_McKayS-Lives-and-Widgets/Content/StarterContent/Textures/T_Rock_Smooth_Granite_D.ubulk" 760
"C:/Users/sammc/Downloads/EyreD_McKayS-Lives-and-Widgets/Content/StarterContent/Textures/T_Rock_Smooth_Granite_D.uasset" 761
"C:/Users/sammc/Downloads/EyreD_McKayS-Lives-and-Widgets/Content/StarterContent/Textures/T_Rock_Smooth_Granite_D.uexp" 762
"C:/Users/sammc/Downloads/EyreD_McKayS-Lives-and-Widgets/Content/StarterContent/Textures/T_CobbleStone_Rough_N.ubulk" 763
"C:/Users/sammc/Downloads/EyreD_McKayS-Lives-and-Widgets/Content/StarterContent/Textures/T_CobbleStone_Rough_N.uasset" 764
"C:/Users/sammc/Downloads/EyreD_McKayS-Lives-and-Widgets/Content/StarterContent/Textures/T_CobbleStone_Rough_N.uexp" 765
"C:/Users/sammc/Downloads/EyreD_McKayS-Lives-and-Widgets/Content/StarterContent/Textures/T_Gradinet_01.ubulk" 766
"C:/Users/sammc/Downloads/EyreD_McKayS-Lives-and-Widgets/Content/StarterContent/Textures/T_Gradinet_01.uasset" 767
"C:/Users/sammc/Downloads/EyreD_McKayS-Lives-and-Widgets/Content/StarterContent/Textures/T_Gradinet_01.uexp" 768
"C:/Users/sammc/Downloads/EyreD_McKayS-Lives-and-Widgets/Content/StarterContent/Textures/T_CobbleStone_Rough_D.ubulk" 769
"C:/Users/sammc/Downloads/EyreD_McKayS-Lives-and-Widgets/Content/StarterContent/Textures/T_CobbleStone_Rough_D.uasset" 770
"C:/Users/sammc/Downloads/EyreD_McKayS-Lives-and-Widgets/Content/StarterContent/Textures/T_CobbleStone_Rough_D.uexp" 771
"C:/Users/sammc/Downloads/EyreD_McKayS-Lives-and-Widgets/Content/StarterContent/Materials/M_CobbleStone_Rough.uasset" 772
"C:/Users/sammc/Downloads/EyreD_McKayS-Lives-and-Widgets/Content/StarterContent/Materials/M_CobbleStone_Rough.uexp" 773
"C:/Users/sammc/Downloads/EyreD_McKayS-Lives-and-Widgets/Content/StarterContent/Audio/Fire01.ubulk" 774
"C:/Users/sammc/Downloads/EyreD_McKayS-Lives-and-Widgets/Content/StarterContent/Audio/Fire01.uasset" 775
"C:/Users/sammc/Downloads/EyreD_McKayS-Lives-and-Widgets/Content/StarterContent/Audio/Fire01.uexp" 776
"C:/Users/sammc/Downloads/EyreD_McKayS-Lives-and-Widgets/Content/StarterContent/Audio/Starter_Background_Cue.uasset" 777
"C:/Users/sammc/Downloads/EyreD_McKayS-Lives-and-Widgets/Content/StarterContent/Audio/Starter_Background_Cue.uexp" 778
"C:/Users/sammc/Downloads/EyreD_McKayS-Lives-and-Widgets/Content/StarterContent/Maps/_GENERATED/eyreda/CubeGridToolOutput_945DE6E9.ubulk" 779
"C:/Users/sammc/Downloads/EyreD_McKayS-Lives-and-Widgets/Content/StarterContent/Maps/_GENERATED/eyreda/CubeGridToolOutput_945DE6E9.uasset" 780
"C:/Users/sammc/Downloads/EyreD_McKayS-Lives-and-Widgets/Content/StarterContent/Maps/_GENERATED/eyreda/CubeGridToolOutput_945DE6E9.uexp" 781
"C:/Users/sammc/Downloads/EyreD_McKayS-Lives-and-Widgets/Content/StarterContent/Maps/level1Medium.uexp" 782
"C:/Users/sammc/Downloads/EyreD_McKayS-Lives-and-Widgets/Content/StarterContent/Maps/level1Medium.umap" 783
"C:/Users/sammc/Downloads/EyreD_McKayS-Lives-and-Widgets/Content/StarterContent/Maps/_GENERATED/sammc/Box_DFB81AC8.ubulk" 784
"C:/Users/sammc/Downloads/EyreD_McKayS-Lives-and-Widgets/Content/StarterContent/Maps/_GENERATED/sammc/Box_DFB81AC8.uasset" 785
"C:/Users/sammc/Downloads/EyreD_McKayS-Lives-and-Widgets/Content/StarterContent/Maps/_GENERATED/sammc/Box_DFB81AC8.uexp" 786
"C:/Users/sammc/Downloads/EyreD_McKayS-Lives-and-Widgets/Content/StarterContent/Maps/_GENERATED/sammc/Box_71CA7A0D.ubulk" 787
"C:/Users/sammc/Downloads/EyreD_McKayS-Lives-and-Widgets/Content/StarterContent/Maps/_GENERATED/sammc/Box_71CA7A0D.uasset" 788
"C:/Users/sammc/Downloads/EyreD_McKayS-Lives-and-Widgets/Content/StarterContent/Maps/_GENERATED/sammc/Box_71CA7A0D.uexp" 789
"C:/Users/sammc/Downloads/EyreD_McKayS-Lives-and-Widgets/Content/StarterContent/Maps/_GENERATED/sammc/Box_11CA1659.ubulk" 790
"C:/Users/sammc/Downloads/EyreD_McKayS-Lives-and-Widgets/Content/StarterContent/Maps/_GENERATED/sammc/Box_11CA1659.uasset" 791
"C:/Users/sammc/Downloads/EyreD_McKayS-Lives-and-Widgets/Content/StarterContent/Maps/_GENERATED/sammc/Box_11CA1659.uexp" 792
"C:/Users/sammc/Downloads/EyreD_McKayS-Lives-and-Widgets/Content/StarterContent/Maps/_GENERATED/sammc/Box_BEAB4B0D.ubulk" 793
"C:/Users/sammc/Downloads/EyreD_McKayS-Lives-and-Widgets/Content/StarterContent/Maps/_GENERATED/sammc/Box_BEAB4B0D.uasset" 794
"C:/Users/sammc/Downloads/EyreD_McKayS-Lives-and-Widgets/Content/StarterContent/Maps/_GENERATED/sammc/Box_BEAB4B0D.uexp" 795
"C:/Users/sammc/Downloads/EyreD_McKayS-Lives-and-Widgets/Content/StarterContent/Maps/_GENERATED/sammc/Box_73913D1C.ubulk" 796
"C:/Users/sammc/Downloads/EyreD_McKayS-Lives-and-Widgets/Content/StarterContent/Maps/_GENERATED/sammc/Box_73913D1C.uasset" 797
"C:/Users/sammc/Downloads/EyreD_McKayS-Lives-and-Widgets/Content/StarterContent/Maps/_GENERATED/sammc/Box_73913D1C.uexp" 798
"C:/Users/sammc/Downloads/EyreD_McKayS-Lives-and-Widgets/Content/StarterContent/Maps/_GENERATED/sammc/Box_A81A5FAB.ubulk" 799
"C:/Users/sammc/Downloads/EyreD_McKayS-Lives-and-Widgets/Content/StarterContent/Maps/_GENERATED/sammc/Box_A81A5FAB.uasset" 800
"C:/Users/sammc/Downloads/EyreD_McKayS-Lives-and-Widgets/Content/StarterContent/Maps/_GENERATED/sammc/Box_A81A5FAB.uexp" 801
"C:/Users/sammc/Downloads/EyreD_McKayS-Lives-and-Widgets/Content/StarterContent/Maps/_GENERATED/sammc/Box_5EEF69EA.ubulk" 802
"C:/Users/sammc/Downloads/EyreD_McKayS-Lives-and-Widgets/Content/StarterContent/Maps/_GENERATED/sammc/Box_5EEF69EA.uasset" 803
"C:/Users/sammc/Downloads/EyreD_McKayS-Lives-and-Widgets/Content/StarterContent/Maps/_GENERATED/sammc/Box_5EEF69EA.uexp" 804
"C:/Users/sammc/Downloads/EyreD_McKayS-Lives-and-Widgets/Content/StarterContent/Maps/_GENERATED/sammc/Box_3C5C4BCB.ubulk" 805
"C:/Users/sammc/Downloads/EyreD_McKayS-Lives-and-Widgets/Content/StarterContent/Maps/_GENERATED/sammc/Box_3C5C4BCB.uasset" 806
"C:/Users/sammc/Downloads/EyreD_McKayS-Lives-and-Widgets/Content/StarterContent/Maps/_GENERATED/sammc/Box_3C5C4BCB.uexp" 807
"C:/Users/sammc/Downloads/EyreD_McKayS-Lives-and-Widgets/Content/StarterContent/Maps/_GENERATED/sammc/Box_F9C633F1.ubulk" 808
"C:/Users/sammc/Downloads/EyreD_McKayS-Lives-and-Widgets/Content/StarterContent/Maps/_GENERATED/sammc/Box_F9C633F1.uasset" 809
"C:/Users/sammc/Downloads/EyreD_McKayS-Lives-and-Widgets/Content/StarterContent/Maps/_GENERATED/sammc/Box_F9C633F1.uexp" 810
"C:/Users/sammc/Downloads/EyreD_McKayS-Lives-and-Widgets/Content/StarterContent/Maps/_GENERATED/sammc/CubeGridToolOutput_88799C04.ubulk" 811
"C:/Users/sammc/Downloads/EyreD_McKayS-Lives-and-Widgets/Content/StarterContent/Maps/_GENERATED/sammc/CubeGridToolOutput_88799C04.uasset" 812
"C:/Users/sammc/Downloads/EyreD_McKayS-Lives-and-Widgets/Content/StarterContent/Maps/_GENERATED/sammc/CubeGridToolOutput_88799C04.uexp" 813
"C:/Users/sammc/Downloads/EyreD_McKayS-Lives-and-Widgets/Content/StarterContent/Maps/_GENERATED/sammc/Box_5D59BDF0.ubulk" 814
"C:/Users/sammc/Downloads/EyreD_McKayS-Lives-and-Widgets/Content/StarterContent/Maps/_GENERATED/sammc/Box_5D59BDF0.uasset" 815
"C:/Users/sammc/Downloads/EyreD_McKayS-Lives-and-Widgets/Content/StarterContent/Maps/_GENERATED/sammc/Box_5D59BDF0.uexp" 816
"C:/Users/sammc/Downloads/EyreD_McKayS-Lives-and-Widgets/Content/StarterContent/Maps/_GENERATED/sammc/Box_0A57AB05.ubulk" 817
"C:/Users/sammc/Downloads/EyreD_McKayS-Lives-and-Widgets/Content/StarterContent/Maps/_GENERATED/sammc/Box_0A57AB05.uasset" 818
"C:/Users/sammc/Downloads/EyreD_McKayS-Lives-and-Widgets/Content/StarterContent/Maps/_GENERATED/sammc/Box_0A57AB05.uexp" 819
"C:/Users/sammc/Downloads/EyreD_McKayS-Lives-and-Widgets/Content/StarterContent/Maps/_GENERATED/sammc/Box_6951BC43.ubulk" 820
"C:/Users/sammc/Downloads/EyreD_McKayS-Lives-and-Widgets/Content/StarterContent/Maps/_GENERATED/sammc/Box_6951BC43.uasset" 821
"C:/Users/sammc/Downloads/EyreD_McKayS-Lives-and-Widgets/Content/StarterContent/Maps/_GENERATED/sammc/Box_6951BC43.uexp" 822
"C:/Users/sammc/Downloads/EyreD_McKayS-Lives-and-Widgets/Content/StarterContent/Maps/_GENERATED/sammc/Box_56365F24.ubulk" 823
"C:/Users/sammc/Downloads/EyreD_McKayS-Lives-and-Widgets/Content/StarterContent/Maps/_GENERATED/sammc/Box_56365F24.uasset" 824
"C:/Users/sammc/Downloads/EyreD_McKayS-Lives-and-Widgets/Content/StarterContent/Maps/_GENERATED/sammc/Box_56365F24.uexp" 825
"C:/Users/sammc/Downloads/EyreD_McKayS-Lives-and-Widgets/Content/StarterContent/Maps/_GENERATED/sammc/Box_CBC498FC.ubulk" 826
"C:/Users/sammc/Downloads/EyreD_McKayS-Lives-and-Widgets/Content/StarterContent/Maps/_GENERATED/sammc/Box_CBC498FC.uasset" 827
"C:/Users/sammc/Downloads/EyreD_McKayS-Lives-and-Widgets/Content/StarterContent/Maps/_GENERATED/sammc/Box_CBC498FC.uexp" 828
"C:/Users/sammc/Downloads/EyreD_McKayS-Lives-and-Widgets/Content/StarterContent/Maps/_GENERATED/sammc/Box_3C0DA674.ubulk" 829
"C:/Users/sammc/Downloads/EyreD_McKayS-Lives-and-Widgets/Content/StarterContent/Maps/_GENERATED/sammc/Box_3C0DA674.uasset" 830
"C:/Users/sammc/Downloads/EyreD_McKayS-Lives-and-Widgets/Content/StarterContent/Maps/_GENERATED/sammc/Box_3C0DA674.uexp" 831
"C:/Users/sammc/Downloads/EyreD_McKayS-Lives-and-Widgets/Content/StarterContent/Maps/_GENERATED/sammc/Box_39BD4D42.ubulk" 832
"C:/Users/sammc/Downloads/EyreD_McKayS-Lives-and-Widgets/Content/StarterContent/Maps/_GENERATED/sammc/Box_39BD4D42.uasset" 833
"C:/Users/sammc/Downloads/EyreD_McKayS-Lives-and-Widgets/Content/StarterContent/Maps/_GENERATED/sammc/Box_39BD4D42.uexp" 834
"C:/Users/sammc/Downloads/EyreD_McKayS-Lives-and-Widgets/Content/StarterContent/Maps/_GENERATED/sammc/Box_A6F70743.ubulk" 835
"C:/Users/sammc/Downloads/EyreD_McKayS-Lives-and-Widgets/Content/StarterContent/Maps/_GENERATED/sammc/Box_A6F70743.uasset" 836
"C:/Users/sammc/Downloads/EyreD_McKayS-Lives-and-Widgets/Content/StarterContent/Maps/_GENERATED/sammc/Box_A6F70743.uexp" 837
"C:/Users/sammc/Downloads/EyreD_McKayS-Lives-and-Widgets/Content/StarterContent/Maps/_GENERATED/sammc/Box_C1383191.ubulk" 838
"C:/Users/sammc/Downloads/EyreD_McKayS-Lives-and-Widgets/Content/StarterContent/Maps/_GENERATED/sammc/Box_C1383191.uasset" 839
"C:/Users/sammc/Downloads/EyreD_McKayS-Lives-and-Widgets/Content/StarterContent/Maps/_GENERATED/sammc/Box_C1383191.uexp" 840
"C:/Users/sammc/Downloads/EyreD_McKayS-Lives-and-Widgets/Content/StarterContent/Maps/_GENERATED/sammc/Box_09F0C6A4.ubulk" 841
"C:/Users/sammc/Downloads/EyreD_McKayS-Lives-and-Widgets/Content/StarterContent/Maps/_GENERATED/sammc/Box_09F0C6A4.uasset" 842
"C:/Users/sammc/Downloads/EyreD_McKayS-Lives-and-Widgets/Content/StarterContent/Maps/_GENERATED/sammc/Box_09F0C6A4.uexp" 843
"C:/Users/sammc/Downloads/EyreD_McKayS-Lives-and-Widgets/Content/StarterContent/Maps/_GENERATED/sammc/Box_DAEBBA7E.ubulk" 844
"C:/Users/sammc/Downloads/EyreD_McKayS-Lives-and-Widgets/Content/StarterContent/Maps/_GENERATED/sammc/Box_DAEBBA7E.uasset" 845
"C:/Users/sammc/Downloads/EyreD_McKayS-Lives-and-Widgets/Content/StarterContent/Maps/_GENERATED/sammc/Box_DAEBBA7E.uexp" 846
"C:/Users/sammc/Downloads/EyreD_McKayS-Lives-and-Widgets/Content/StarterContent/Maps/_GENERATED/sammc/Box_9748B889.ubulk" 847
"C:/Users/sammc/Downloads/EyreD_McKayS-Lives-and-Widgets/Content/StarterContent/Maps/_GENERATED/sammc/Box_9748B889.uasset" 848
"C:/Users/sammc/Downloads/EyreD_McKayS-Lives-and-Widgets/Content/StarterContent/Maps/_GENERATED/sammc/Box_9748B889.uexp" 849
"C:/Users/sammc/Downloads/EyreD_McKayS-Lives-and-Widgets/Content/StarterContent/Maps/_GENERATED/sammc/Box_EF2BD0A8.ubulk" 850
"C:/Users/sammc/Downloads/EyreD_McKayS-Lives-and-Widgets/Content/StarterContent/Maps/_GENERATED/sammc/Box_EF2BD0A8.uasset" 851
"C:/Users/sammc/Downloads/EyreD_McKayS-Lives-and-Widgets/Content/StarterContent/Maps/_GENERATED/sammc/Box_EF2BD0A8.uexp" 852
"C:/Users/sammc/Downloads/EyreD_McKayS-Lives-and-Widgets/Content/StarterContent/Maps/_GENERATED/sammc/Box_EEB05A71.ubulk" 853
"C:/Users/sammc/Downloads/EyreD_McKayS-Lives-and-Widgets/Content/StarterContent/Maps/_GENERATED/sammc/Box_EEB05A71.uasset" 854
"C:/Users/sammc/Downloads/EyreD_McKayS-Lives-and-Widgets/Content/StarterContent/Maps/_GENERATED/sammc/Box_EEB05A71.uexp" 855
"C:/Users/sammc/Downloads/EyreD_McKayS-Lives-and-Widgets/Content/StarterContent/Maps/_GENERATED/sammc/Box_EF88319C.ubulk" 856
"C:/Users/sammc/Downloads/EyreD_McKayS-Lives-and-Widgets/Content/StarterContent/Maps/_GENERATED/sammc/Box_EF88319C.uasset" 857
"C:/Users/sammc/Downloads/EyreD_McKayS-Lives-and-Widgets/Content/StarterContent/Maps/_GENERATED/sammc/Box_EF88319C.uexp" 858
"C:/Users/sammc/Downloads/EyreD_McKayS-Lives-and-Widgets/Content/StarterContent/Maps/_GENERATED/sammc/Box_2E48725A.ubulk" 859
"C:/Users/sammc/Downloads/EyreD_McKayS-Lives-and-Widgets/Content/StarterContent/Maps/_GENERATED/sammc/Box_2E48725A.uasset" 860
"C:/Users/sammc/Downloads/EyreD_McKayS-Lives-and-Widgets/Content/StarterContent/Maps/_GENERATED/sammc/Box_2E48725A.uexp" 861
"C:/Users/sammc/Downloads/EyreD_McKayS-Lives-and-Widgets/Content/StarterContent/Maps/_GENERATED/sammc/Box_BDA5D55E.ubulk" 862
"C:/Users/sammc/Downloads/EyreD_McKayS-Lives-and-Widgets/Content/StarterContent/Maps/_GENERATED/sammc/Box_BDA5D55E.uasset" 863
"C:/Users/sammc/Downloads/EyreD_McKayS-Lives-and-Widgets/Content/StarterContent/Maps/_GENERATED/sammc/Box_BDA5D55E.uexp" 864
"C:/Users/sammc/Downloads/EyreD_McKayS-Lives-and-Widgets/Content/StarterContent/Maps/_GENERATED/sammc/Box_785E1ADD.ubulk" 865
"C:/Users/sammc/Downloads/EyreD_McKayS-Lives-and-Widgets/Content/StarterContent/Maps/_GENERATED/sammc/Box_785E1ADD.uasset" 866
"C:/Users/sammc/Downloads/EyreD_McKayS-Lives-and-Widgets/Content/StarterContent/Maps/_GENERATED/sammc/Box_785E1ADD.uexp" 867
"C:/Users/sammc/Downloads/EyreD_McKayS-Lives-and-Widgets/Content/StarterContent/Maps/_GENERATED/sammc/Box_E1440C61.ubulk" 868
"C:/Users/sammc/Downloads/EyreD_McKayS-Lives-and-Widgets/Content/StarterContent/Maps/_GENERATED/sammc/Box_E1440C61.uasset" 869
"C:/Users/sammc/Downloads/EyreD_McKayS-Lives-and-Widgets/Content/StarterContent/Maps/_GENERATED/sammc/Box_E1440C61.uexp" 870
"C:/Users/sammc/Downloads/EyreD_McKayS-Lives-and-Widgets/Content/StarterContent/Maps/_GENERATED/sammc/Box_040839CC.ubulk" 871
"C:/Users/sammc/Downloads/EyreD_McKayS-Lives-and-Widgets/Content/StarterContent/Maps/_GENERATED/sammc/Box_040839CC.uasset" 872
"C:/Users/sammc/Downloads/EyreD_McKayS-Lives-and-Widgets/Content/StarterContent/Maps/_GENERATED/sammc/Box_040839CC.uexp" 873
"C:/Users/sammc/Downloads/EyreD_McKayS-Lives-and-Widgets/Content/StarterContent/Maps/level1Hard.uexp" 874
"C:/Users/sammc/Downloads/EyreD_McKayS-Lives-and-Widgets/Content/StarterContent/Maps/level1Hard.umap" 875
"C:/Users/sammc/Downloads/EyreD_McKayS-Lives-and-Widgets/Content/StarterContent/Textures/T_CobbleStone_Smooth_D.ubulk" 876
"C:/Users/sammc/Downloads/EyreD_McKayS-Lives-and-Widgets/Content/StarterContent/Textures/T_CobbleStone_Smooth_D.uasset" 877
"C:/Users/sammc/Downloads/EyreD_McKayS-Lives-and-Widgets/Content/StarterContent/Textures/T_CobbleStone_Smooth_D.uexp" 878
"C:/Users/sammc/Downloads/EyreD_McKayS-Lives-and-Widgets/Content/StarterContent/Textures/T_MacroVariation.uasset" 879
"C:/Users/sammc/Downloads/EyreD_McKayS-Lives-and-Widgets/Content/StarterContent/Textures/T_MacroVariation.uexp" 880
"C:/Users/sammc/Downloads/EyreD_McKayS-Lives-and-Widgets/Content/StarterContent/Textures/T_CobbleStone_Smooth_M.ubulk" 881
"C:/Users/sammc/Downloads/EyreD_McKayS-Lives-and-Widgets/Content/StarterContent/Textures/T_CobbleStone_Smooth_M.uasset" 882
"C:/Users/sammc/Downloads/EyreD_McKayS-Lives-and-Widgets/Content/StarterContent/Textures/T_CobbleStone_Smooth_M.uexp" 883
"C:/Users/sammc/Downloads/EyreD_McKayS-Lives-and-Widgets/Content/StarterContent/Textures/T_CobbleStone_Smooth_N.ubulk" 884
"C:/Users/sammc/Downloads/EyreD_McKayS-Lives-and-Widgets/Content/StarterContent/Textures/T_CobbleStone_Smooth_N.uasset" 885
"C:/Users/sammc/Downloads/EyreD_McKayS-Lives-and-Widgets/Content/StarterContent/Textures/T_CobbleStone_Smooth_N.uexp" 886
"C:/Users/sammc/Downloads/EyreD_McKayS-Lives-and-Widgets/Content/StarterContent/Materials/M_CobbleStone_Smooth.uasset" 887
"C:/Users/sammc/Downloads/EyreD_McKayS-Lives-and-Widgets/Content/StarterContent/Materials/M_CobbleStone_Smooth.uexp" 888
"C:/Users/sammc/Downloads/EyreD_McKayS-Lives-and-Widgets/Content/StarterContent/Maps/level1_BuiltData.ubulk" 889
"C:/Users/sammc/Downloads/EyreD_McKayS-Lives-and-Widgets/Content/StarterContent/Maps/level1_BuiltData.uasset" 890
"C:/Users/sammc/Downloads/EyreD_McKayS-Lives-and-Widgets/Content/StarterContent/Maps/level1_BuiltData.uexp" 891
"C:/Users/sammc/Downloads/EyreD_McKayS-Lives-and-Widgets/Content/StarterContent/Maps/level1.uexp" 892
"C:/Users/sammc/Downloads/EyreD_McKayS-Lives-and-Widgets/Content/StarterContent/Maps/level1.umap" 893
"../../../Engine/Content/Maps/Entry_BuiltData.uasset" 894
"../../../Engine/Content/Maps/Entry_BuiltData.uexp" 895
"../../../Engine/Content/Maps/Entry.uexp" 896
"../../../Engine/Content/Maps/Entry.umap" 897
